New GET to: /test
New GET to: /api/v1/productsNew POST to: /api/v1/products
New POST to: /api/v1/products
New POST to: /api/v1/products
New POST to: /api/v1/products
New POST to: /api/v1/products
New POST to: /api/v1/products
New GET to: /api/v1/products
New PUT to: /products/1
New PUT to: /api/v1/products/1
New PUT to: /api/v1/products/1
New PUT to: /api/v1/products/1
New PUT to: /api/v1/products/1
New PUT to: /api/v1/products/1
New PUT to: /api/v1/products/1
New PUT to: /api/v1/products/1
New PUT to: /api/v1/products/1
New GET to: /api/v1/products/1
New PUT to: /api/v1/products/1
New PUT to: /api/v1/products/1
New PUT to: /api/v1/products/1
New PUT to: /api/v1/products/1
New GET to: /api/v1/products
New POST to: /api/v1/register
New POST to: /api/v1/login
New POST to: /api/v1/login
New POST to: /api/v1/login
New POST to: /api/v1/login
New POST to: /api/v1/login
New POST to: /api/v1/login
New GET to: /api/v1/products
New GET to: /api/v1/products
New GET to: /api/v1/products
New POST to: /api/v1/products
New POST to: /api/v1/products
New GET to: /api/v1/products
New POST to: /api/v1/products
New POST to: /api/v1/products
New POST to: /api/v1/products
New POST to: /api/v1/products
New POST to: /api/v1/products
New POST to: /api/v1/products
New POST to: /api/v1/products
New POST to: /api/v1/products
New POST to: /api/v1/login
New POST to: /api/v1/products
New POST to: /api/v1/products
New OPTIONS to: /api/v1/products
New OPTIONS to: /api/v1/products
New OPTIONS to: /api/v1/products
New OPTIONS to: /api/v1/products
New GET to: /api/v1/products
New GET to: /api/v1/products
New POST to: /api/v1/order
New GET to: /api/v1/products
New GET to: /api/v1/products
New GET to: /api/v1/products
New GET to: /api/v1/products
New GET to: /api/v1/products
New GET to: /api/v1/products
New GET to: /api/v1/products
New GET to: /api/v1/products
New GET to: /api/v1/products
New GET to: /api/v1/products
New GET to: /api/v1/products
New GET to: /api/v1/products
New GET to: /api/v1/products
New GET to: /api/v1/products
New GET to: /api/v1/products
New GET to: /api/v1/products-pg
New GET to: /api/v1/products-pg?page=2&limit=10
New GET to: /api/v1/products
New GET to: /api/v1/products
New GET to: /api/v1/products
New GET to: /api/v1/products
New GET to: /api/v1/products
New GET to: /api/v1/products
New GET to: /api/v1/products
New GET to: /api/v1/products
New GET to: /api/v1/products
New GET to: /api/v1/products
New GET to: /api/v1/products
New GET to: /api/v1/products
New GET to: /api/v1/products
New GET to: /api/v1/products
New GET to: /api/v1/products
New GET to: /api/v1/products
New GET to: /api/v1/products
New GET to: /api/v1/products
New GET to: /api/v1/products
New GET to: /api/v1/products
New GET to: /api/v1/products
New GET to: /api/v1/products
New GET to: /api/v1/products
New GET to: /api/v1/products
New GET to: /api/v1/products-pg?page=undefined&limit=undefined
New GET to: /api/v1/products-pg?page=undefined&limit=undefined
New GET to: /api/v1/products-pg?page=0&limit=undefined
New GET to: /api/v1/products-pg?page=0&limit=undefined
New GET to: /api/v1/products-pg?page=0&limit=undefined
New GET to: /api/v1/products-pg?page=0&limit=undefined
New GET to: /api/v1/products-pg?page=0&limit=10
New GET to: /api/v1/products-pg?page=0&limit=10
New GET to: /api/v1/products-pg?page=0&limit=10
New GET to: /api/v1/products-pg?page=0&limit=10
New GET to: /api/v1/products-pg?page=0&limit=10
New GET to: /api/v1/products-pg?page=0&limit=10
New GET to: /api/v1/products-pg?page=0&limit=10
New GET to: /api/v1/products-pg?page=0&limit=10
New GET to: /api/v1/products-pg?page=0&limit=10
New GET to: /api/v1/products-pg?page=0&limit=10
New GET to: /api/v1/products-pg?page=0&limit=10
New GET to: /api/v1/products-pg?page=0&limit=10
New GET to: /api/v1/products-pg?page=0&limit=10
New GET to: /api/v1/products-pg?page=0&limit=10
New GET to: /api/v1/products-pg?page=0&limit=10
New GET to: /api/v1/products-pg?page=0&limit=10
New GET to: /api/v1/products-pg?page=0&limit=10
New GET to: /api/v1/products-pg?page=0&limit=10
New GET to: /api/v1/products-pg?page=0&limit=10
New GET to: /api/v1/products-pg?page=0&limit=10
New GET to: /api/v1/products-pg?page=0&limit=10
New GET to: /api/v1/products-pg?page=0&limit=10
New GET to: /api/v1/products-pg?page=0&limit=10
New GET to: /api/v1/products-pg?page=undefined&limit=10
New GET to: /api/v1/products-pg?page=0&limit=10
New GET to: /api/v1/products-pg?page=undefined&limit=10
New GET to: /api/v1/products-pg?page=0&limit=10
New GET to: /api/v1/products-pg?page=0&limit=10
New GET to: /api/v1/products-pg?page=0&limit=10
New GET to: /api/v1/products-pg?page=1&limit=10
New GET to: /api/v1/products-pg?page=0&limit=10
New GET to: /api/v1/products-pg?page=1&limit=10
New GET to: /api/v1/products-pg?page=1&limit=10
New GET to: /api/v1/products-pg?page=0&limit=10
New GET to: /api/v1/products-pg?page=1&limit=10
New GET to: /api/v1/products-pg?page=1&limit=10
New GET to: /api/v1/products-pg?page=0&limit=10
New GET to: /api/v1/products-pg?page=1&limit=10
New GET to: /api/v1/products-pg?page=1&limit=10
New GET to: /api/v1/products-pg?page=0&limit=10
New GET to: /api/v1/products-pg?page=1&limit=10
New GET to: /api/v1/products-pg?page=1&limit=10
New GET to: /api/v1/products-pg?page=1&limit=10
New GET to: /api/v1/products-pg?page=0&limit=10
New GET to: /api/v1/products-pg?page=1&limit=10
New GET to: /api/v1/products-pg?page=1&limit=10
New GET to: /api/v1/products-pg?page=0&limit=10
New GET to: /api/v1/products-pg?page=1&limit=10
New GET to: /api/v1/products-pg?page=1&limit=10
New GET to: /api/v1/products-pg?page=0&limit=10
New GET to: /api/v1/products-pg?page=1&limit=10
New GET to: /api/v1/products-pg?page=1&limit=10
New GET to: /api/v1/products-pg?page=0&limit=10
New GET to: /api/v1/products-pg?page=1&limit=10
New GET to: /api/v1/products-pg?page=0&limit=10
New GET to: /api/v1/products-pg?page=1&limit=10
New GET to: /api/v1/products-pg?page=0&limit=10
New GET to: /api/v1/products-pg?page=1&limit=10
New GET to: /api/v1/products-pg?page=1&limit=10
New GET to: /api/v1/products-pg?page=1&limit=10
New GET to: /api/v1/products-pg?page=1&limit=10
New GET to: /api/v1/products-pg?page=1&limit=10
New GET to: /api/v1/products-pg?page=1&limit=10
New GET to: /api/v1/products-pg?page=1&limit=10
New GET to: /api/v1/products-pg?page=1&limit=10
New GET to: /api/v1/products-pg?page=1&limit=10
New GET to: /api/v1/products-pg?page=1&limit=10
New GET to: /api/v1/products-pg?page=1&limit=10
New GET to: /api/v1/products-pg?page=1&limit=10
New GET to: /api/v1/products-pg?page=1&limit=10
New GET to: /api/v1/products-pg?page=1&limit=10
New GET to: /api/v1/products-pg?page=1&limit=10
New GET to: /api/v1/products-pg?page=1&limit=10
New GET to: /api/v1/products-pg?page=1&limit=10
New GET to: /api/v1/products-pg?page=1&limit=10
New GET to: /api/v1/products-pg?page=1&limit=10
New GET to: /api/v1/products-pg?page=1&limit=10
New GET to: /api/v1/products-pg?page=1&limit=10
New GET to: /api/v1/products-pg?page=1&limit=10
New GET to: /api/v1/products-pg?page=1&limit=10
New GET to: /api/v1/products-pg?page=1&limit=10
New GET to: /api/v1/products-pg?page=1&limit=10
New GET to: /api/v1/products-pg?page=1&limit=10
New GET to: /api/v1/products-pg?page=1&limit=10
New GET to: /api/v1/products-pg?page=1&limit=10
New GET to: /api/v1/products-pg?page=1&limit=10
New GET to: /api/v1/products-pg?page=1&limit=10
New GET to: /api/v1/products-pg?page=1&limit=10
New GET to: /api/v1/products-pg?page=1&limit=10
New GET to: /api/v1/products-pg?page=1&limit=10
New GET to: /api/v1/products-pg?page=1&limit=10
New GET to: /api/v1/products-pg?page=1&limit=10
New GET to: /api/v1/products-pg?page=1&limit=10
New GET to: /api/v1/products-pg?page=1&limit=10
New GET to: /api/v1/products-pg?page=1&limit=10
New GET to: /api/v1/products-pg?page=1&limit=10
New GET to: /api/v1/products-pg?page=1&limit=10
New GET to: /api/v1/products-pg?page=1&limit=10
New GET to: /api/v1/products-pg?page=1&limit=10
New GET to: /api/v1/products-pg?page=1&limit=10
New GET to: /api/v1/products-pg?page=1&limit=10
New GET to: /api/v1/products-pg?page=1&limit=10
New GET to: /api/v1/products-pg?page=1&limit=10
New GET to: /api/v1/products-pg?page=1&limit=10
New GET to: /api/v1/products-pg?page=1&limit=10
New GET to: /api/v1/products-pg?page=1&limit=10
New GET to: /api/v1/products-pg?page=1&limit=10
New GET to: /api/v1/products-pg?page=1&limit=10
New GET to: /api/v1/products-pg?page=1&limit=10
New GET to: /api/v1/products-pg?page=1&limit=10
New GET to: /api/v1/products-pg?page=1&limit=10
New GET to: /api/v1/products-pg?page=1&limit=10
New GET to: /api/v1/products-pg?page=1&limit=10
New GET to: /api/v1/products-pg?page=1&limit=10
New GET to: /api/v1/products-pg?page=1&limit=10
New GET to: /api/v1/products-pg?page=1&limit=10
New GET to: /api/v1/products-pg?page=1&limit=10
New GET to: /api/v1/products-pg?page=1&limit=10
New GET to: /api/v1/products-pg?page=1&limit=10
New GET to: /api/v1/products-pg?page=1&limit=10
New GET to: /api/v1/products-pg?page=1&limit=10
New GET to: /api/v1/products-pg?page=1&limit=10
New GET to: /api/v1/products-pg?page=1&limit=10
New GET to: /api/v1/products-pg?page=1&limit=10
New GET to: /api/v1/products-pg?page=1&limit=10
New GET to: /api/v1/products-pg?page=1&limit=10
New GET to: /api/v1/products-pg?page=1&limit=10
New GET to: /api/v1/products-pg?page=1&limit=10
New GET to: /api/v1/products-pg?page=1&limit=10
New GET to: /api/v1/products-pg?page=1&limit=10
New GET to: /api/v1/products-pg?page=1&limit=10
New GET to: /api/v1/products-pg?page=1&limit=10
New GET to: /api/v1/products-pg?page=1&limit=10
New GET to: /api/v1/products-pg?page=1&limit=10
New GET to: /api/v1/products-pg?page=1&limit=10
New GET to: /api/v1/products-pg?page=1&limit=10
New GET to: /api/v1/products-pg?page=1&limit=10
New GET to: /api/v1/products-pg?page=1&limit=10
New GET to: /api/v1/products-pg?page=1&limit=10
New GET to: /api/v1/products-pg?page=1&limit=10
New GET to: /api/v1/products-pg?page=1&limit=10
New GET to: /api/v1/products-pg?page=1&limit=10
New GET to: /api/v1/products-pg?page=1&limit=10
New GET to: /api/v1/products-pg?page=1&limit=10
New GET to: /api/v1/products-pg?page=1&limit=10
New GET to: /api/v1/products-pg?page=1&limit=10
New GET to: /api/v1/products-pg?page=1&limit=10
New GET to: /api/v1/products-pg?page=1&limit=10
New GET to: /api/v1/products-pg?page=1&limit=10
New GET to: /api/v1/products-pg?page=1&limit=10
New GET to: /api/v1/products-pg?page=1&limit=10
New GET to: /api/v1/products-pg?page=1&limit=10
New GET to: /api/v1/products-pg?page=1&limit=10
New GET to: /api/v1/products-pg?page=1&limit=10
New GET to: /api/v1/products-pg?page=1&limit=10
New GET to: /api/v1/products-pg?page=1&limit=10
New GET to: /api/v1/products-pg?page=1&limit=10
New GET to: /api/v1/products-pg?page=1&limit=10
New GET to: /api/v1/products-pg?page=1&limit=10
New GET to: /api/v1/products-pg?page=1&limit=10
New GET to: /api/v1/products-pg?page=1&limit=10
New GET to: /api/v1/products-pg?page=1&limit=10
New GET to: /api/v1/products-pg?page=1&limit=10
New GET to: /api/v1/products-pg?page=1&limit=10
New GET to: /api/v1/products-pg?page=1&limit=10
New GET to: /api/v1/products-pg?page=1&limit=10
New GET to: /api/v1/products-pg?page=1&limit=10
New GET to: /api/v1/products-pg?page=1&limit=10
New GET to: /api/v1/products-pg?page=1&limit=10
New GET to: /api/v1/products-pg?page=1&limit=10
New GET to: /api/v1/products-pg?page=1&limit=10
New GET to: /api/v1/products-pg?page=1&limit=10
New GET to: /api/v1/products-pg?page=1&limit=10
New GET to: /api/v1/products-pg?page=1&limit=10
New GET to: /api/v1/products-pg?page=1&limit=10
New GET to: /api/v1/products-pg?page=1&limit=10
New GET to: /api/v1/products-pg?page=1&limit=10
New GET to: /api/v1/products-pg?page=1&limit=10
New GET to: /api/v1/products-pg?page=1&limit=10
New GET to: /api/v1/products-pg?page=1&limit=10
New GET to: /api/v1/products-pg?page=1&limit=10
New GET to: /api/v1/products-pg?page=1&limit=10
New GET to: /api/v1/products-pg?page=1&limit=10
New GET to: /api/v1/products-pg?page=1&limit=10
New GET to: /api/v1/products-pg?page=1&limit=10
New GET to: /api/v1/products-pg?page=1&limit=10
New GET to: /api/v1/products-pg?page=1&limit=10
New GET to: /api/v1/products-pg?page=1&limit=10
New GET to: /api/v1/products-pg?page=1&limit=10
New GET to: /api/v1/products-pg?page=1&limit=10
New GET to: /api/v1/products-pg?page=1&limit=10
New GET to: /api/v1/products-pg?page=1&limit=10
New GET to: /api/v1/products-pg?page=1&limit=10
New GET to: /api/v1/products-pg?page=1&limit=10
New GET to: /api/v1/products-pg?page=1&limit=10
New GET to: /api/v1/products-pg?page=1&limit=10
New GET to: /api/v1/products-pg?page=1&limit=10
New GET to: /api/v1/products-pg?page=1&limit=10
New GET to: /api/v1/products-pg?page=1&limit=10
New GET to: /api/v1/products-pg?page=1&limit=10
New GET to: /api/v1/products-pg?page=1&limit=10
New GET to: /api/v1/products-pg?page=1&limit=10
New GET to: /api/v1/products-pg?page=1&limit=10
New GET to: /api/v1/products-pg?page=1&limit=10
New GET to: /api/v1/products-pg?page=1&limit=10
New GET to: /api/v1/products-pg?page=1&limit=10
New GET to: /api/v1/products-pg?page=1&limit=10
New GET to: /api/v1/products-pg?page=1&limit=10
New GET to: /api/v1/products-pg?page=1&limit=10
New GET to: /api/v1/products-pg?page=1&limit=10
New GET to: /api/v1/products-pg?page=1&limit=10
New GET to: /api/v1/products-pg?page=1&limit=10
New GET to: /api/v1/products-pg?page=1&limit=10
New GET to: /api/v1/products-pg?page=1&limit=10
New GET to: /api/v1/products-pg?page=1&limit=10
New GET to: /api/v1/products-pg?page=1&limit=10
New GET to: /api/v1/products-pg?page=1&limit=10
New GET to: /api/v1/products-pg?page=1&limit=10
New GET to: /api/v1/products-pg?page=1&limit=10
New GET to: /api/v1/products-pg?page=1&limit=10
New GET to: /api/v1/products-pg?page=1&limit=10
New GET to: /api/v1/products-pg?page=1&limit=10
New GET to: /api/v1/products-pg?page=1&limit=10
New GET to: /api/v1/products-pg?page=1&limit=10
New GET to: /api/v1/products-pg?page=1&limit=10
New GET to: /api/v1/products-pg?page=1&limit=10
New GET to: /api/v1/products-pg?page=1&limit=10
New GET to: /api/v1/products-pg?page=1&limit=10
New GET to: /api/v1/products-pg?page=1&limit=10
New GET to: /api/v1/products-pg?page=1&limit=10
New GET to: /api/v1/products-pg?page=1&limit=10
New GET to: /api/v1/products-pg?page=1&limit=10
New GET to: /api/v1/products-pg?page=1&limit=10
New GET to: /api/v1/products-pg?page=1&limit=10
New GET to: /api/v1/products-pg?page=1&limit=10
New GET to: /api/v1/products-pg?page=1&limit=10
New GET to: /api/v1/products-pg?page=1&limit=10
New GET to: /api/v1/products-pg?page=1&limit=10
New GET to: /api/v1/products-pg?page=1&limit=10
New GET to: /api/v1/products-pg?page=1&limit=10
New GET to: /api/v1/products-pg?page=1&limit=10
New GET to: /api/v1/products-pg?page=1&limit=10
New GET to: /api/v1/products-pg?page=1&limit=10
New GET to: /api/v1/products-pg?page=1&limit=10
New GET to: /api/v1/products-pg?page=1&limit=10
New GET to: /api/v1/products-pg?page=1&limit=10
New GET to: /api/v1/products-pg?page=1&limit=10
New GET to: /api/v1/products-pg?page=1&limit=10
New GET to: /api/v1/products-pg?page=1&limit=10
New GET to: /api/v1/products-pg?page=1&limit=10
New GET to: /api/v1/products-pg?page=1&limit=10
New GET to: /api/v1/products-pg?page=1&limit=10
New GET to: /api/v1/products-pg?page=1&limit=10
New GET to: /api/v1/products-pg?page=1&limit=10
New GET to: /api/v1/products-pg?page=1&limit=10
New GET to: /api/v1/products-pg?page=1&limit=10
New GET to: /api/v1/products-pg?page=1&limit=10
New GET to: /api/v1/products-pg?page=1&limit=10
New GET to: /api/v1/products-pg?page=1&limit=10
New GET to: /api/v1/products-pg?page=1&limit=10
New GET to: /api/v1/products-pg?page=1&limit=10
New GET to: /api/v1/products-pg?page=1&limit=10
New GET to: /api/v1/products-pg?page=1&limit=10
New GET to: /api/v1/products-pg?page=1&limit=10
New GET to: /api/v1/products-pg?page=1&limit=10
New GET to: /api/v1/products-pg?page=1&limit=10
New GET to: /api/v1/products-pg?page=1&limit=10
New GET to: /api/v1/products-pg?page=1&limit=10
New GET to: /api/v1/products-pg?page=1&limit=10
New GET to: /api/v1/products-pg?page=1&limit=10
New GET to: /api/v1/products-pg?page=1&limit=10
New GET to: /api/v1/products-pg?page=1&limit=10
New GET to: /api/v1/products-pg?page=1&limit=10
New GET to: /api/v1/products-pg?page=1&limit=10
New GET to: /api/v1/products-pg?page=1&limit=10
New GET to: /api/v1/products-pg?page=1&limit=10
New GET to: /api/v1/products-pg?page=1&limit=10
New GET to: /api/v1/products-pg?page=1&limit=10
New GET to: /api/v1/products-pg?page=1&limit=10
New GET to: /api/v1/products-pg?page=1&limit=10
New GET to: /api/v1/products-pg?page=1&limit=10
New GET to: /api/v1/products-pg?page=1&limit=10
New GET to: /api/v1/products-pg?page=1&limit=10
New GET to: /api/v1/products-pg?page=1&limit=10
New GET to: /api/v1/products-pg?page=1&limit=10
New GET to: /api/v1/products-pg?page=1&limit=10
New GET to: /api/v1/products-pg?page=1&limit=10
New GET to: /api/v1/products-pg?page=1&limit=10
New GET to: /api/v1/products-pg?page=1&limit=10
New GET to: /api/v1/products-pg?page=1&limit=10
New GET to: /api/v1/products-pg?page=1&limit=10
New GET to: /api/v1/products-pg?page=1&limit=10
New GET to: /api/v1/products-pg?page=1&limit=10
New GET to: /api/v1/products-pg?page=1&limit=10
New GET to: /api/v1/products-pg?page=1&limit=10
New GET to: /api/v1/products-pg?page=1&limit=10
New GET to: /api/v1/products-pg?page=1&limit=10
New GET to: /api/v1/products-pg?page=1&limit=10
New GET to: /api/v1/products-pg?page=1&limit=10
New GET to: /api/v1/products-pg?page=1&limit=10
New GET to: /api/v1/products-pg?page=1&limit=10
New GET to: /api/v1/products-pg?page=1&limit=10
New GET to: /api/v1/products-pg?page=1&limit=10
New GET to: /api/v1/products-pg?page=1&limit=10
New GET to: /api/v1/products-pg?page=1&limit=10
New GET to: /api/v1/products-pg?page=1&limit=10
New GET to: /api/v1/products-pg?page=1&limit=10
New GET to: /api/v1/products-pg?page=1&limit=10
New GET to: /api/v1/products-pg?page=1&limit=10
New GET to: /api/v1/products-pg?page=1&limit=10
New GET to: /api/v1/products-pg?page=1&limit=10
New GET to: /api/v1/products-pg?page=1&limit=10
New GET to: /api/v1/products-pg?page=1&limit=10
New GET to: /api/v1/products-pg?page=1&limit=10
New GET to: /api/v1/products-pg?page=1&limit=10
New GET to: /api/v1/products-pg?page=1&limit=10
New GET to: /api/v1/products-pg?page=1&limit=10
New GET to: /api/v1/products-pg?page=1&limit=10
New GET to: /api/v1/products-pg?page=1&limit=10
New GET to: /api/v1/products-pg?page=1&limit=10
New GET to: /api/v1/products-pg?page=1&limit=10
New GET to: /api/v1/products-pg?page=1&limit=10
New GET to: /api/v1/products-pg?page=1&limit=10
New GET to: /api/v1/products-pg?page=1&limit=10
New GET to: /api/v1/products-pg?page=1&limit=10
New GET to: /api/v1/products-pg?page=1&limit=10
New GET to: /api/v1/products-pg?page=1&limit=10
New GET to: /api/v1/products-pg?page=1&limit=10
New GET to: /api/v1/products-pg?page=1&limit=10
New GET to: /api/v1/products-pg?page=1&limit=10
New GET to: /api/v1/products-pg?page=1&limit=10
New GET to: /api/v1/products-pg?page=1&limit=10
New GET to: /api/v1/products-pg?page=1&limit=10
New GET to: /api/v1/products-pg?page=1&limit=10
New GET to: /api/v1/products-pg?page=1&limit=10
New GET to: /api/v1/products-pg?page=1&limit=10
New GET to: /api/v1/products-pg?page=1&limit=10
New GET to: /api/v1/products-pg?page=1&limit=10
New GET to: /api/v1/products-pg?page=1&limit=10
New GET to: /api/v1/products-pg?page=1&limit=10
New GET to: /api/v1/products-pg?page=1&limit=10
New GET to: /api/v1/products-pg?page=1&limit=10
New GET to: /api/v1/products-pg?page=1&limit=10
New GET to: /api/v1/products-pg?page=1&limit=10
New GET to: /api/v1/products-pg?page=1&limit=10
New GET to: /api/v1/products-pg?page=1&limit=10
New GET to: /api/v1/products-pg?page=1&limit=10
New GET to: /api/v1/products-pg?page=1&limit=10
New GET to: /api/v1/products-pg?page=1&limit=10
New GET to: /api/v1/products-pg?page=1&limit=10
New GET to: /api/v1/products-pg?page=1&limit=10
New GET to: /api/v1/products-pg?page=1&limit=10
New GET to: /api/v1/products-pg?page=1&limit=10
New GET to: /api/v1/products-pg?page=1&limit=10
New GET to: /api/v1/products-pg?page=1&limit=10
New GET to: /api/v1/products-pg?page=1&limit=10
New GET to: /api/v1/products-pg?page=1&limit=10
New GET to: /api/v1/products-pg?page=1&limit=10
New GET to: /api/v1/products-pg?page=1&limit=10
New GET to: /api/v1/products-pg?page=1&limit=10
New GET to: /api/v1/products-pg?page=1&limit=10
New GET to: /api/v1/products-pg?page=1&limit=10
New GET to: /api/v1/products-pg?page=1&limit=10
New GET to: /api/v1/products-pg?page=1&limit=10
New GET to: /api/v1/products-pg?page=1&limit=10
New GET to: /api/v1/products-pg?page=1&limit=10
New GET to: /api/v1/products-pg?page=1&limit=10
New GET to: /api/v1/products-pg?page=1&limit=10
New GET to: /api/v1/products-pg?page=1&limit=10
New GET to: /api/v1/products-pg?page=1&limit=10
New GET to: /api/v1/products-pg?page=1&limit=10
New GET to: /api/v1/products-pg?page=1&limit=10
New GET to: /api/v1/products-pg?page=1&limit=10
New GET to: /api/v1/products-pg?page=1&limit=10
New GET to: /api/v1/products-pg?page=1&limit=10
New GET to: /api/v1/products-pg?page=1&limit=10
New GET to: /api/v1/products-pg?page=1&limit=10
New GET to: /api/v1/products-pg?page=1&limit=10
New GET to: /api/v1/products-pg?page=1&limit=10
New GET to: /api/v1/products-pg?page=1&limit=10
New GET to: /api/v1/products-pg?page=1&limit=10
New GET to: /api/v1/products-pg?page=1&limit=10
New GET to: /api/v1/products-pg?page=1&limit=10
New GET to: /api/v1/products-pg?page=1&limit=10
New GET to: /api/v1/products-pg?page=1&limit=10
New GET to: /api/v1/products-pg?page=1&limit=10
New GET to: /api/v1/products-pg?page=1&limit=10
New GET to: /api/v1/products-pg?page=1&limit=10
New GET to: /api/v1/products-pg?page=1&limit=10
New GET to: /api/v1/products-pg?page=1&limit=10
New GET to: /api/v1/products-pg?page=1&limit=10
New GET to: /api/v1/products-pg?page=1&limit=10
New GET to: /api/v1/products-pg?page=1&limit=10
New GET to: /api/v1/products-pg?page=1&limit=10
New GET to: /api/v1/products-pg?page=1&limit=10
New GET to: /api/v1/products-pg?page=1&limit=10
New GET to: /api/v1/products-pg?page=1&limit=10
New GET to: /api/v1/products-pg?page=1&limit=10
New GET to: /api/v1/products-pg?page=1&limit=10
New GET to: /api/v1/products-pg?page=1&limit=10
New GET to: /api/v1/products-pg?page=1&limit=10
New GET to: /api/v1/products-pg?page=1&limit=10
New GET to: /api/v1/products-pg?page=1&limit=10
New GET to: /api/v1/products-pg?page=1&limit=10
New GET to: /api/v1/products-pg?page=1&limit=10
New GET to: /api/v1/products-pg?page=1&limit=10
New GET to: /api/v1/products-pg?page=1&limit=10
New GET to: /api/v1/products-pg?page=1&limit=10
New GET to: /api/v1/products-pg?page=1&limit=10
New GET to: /api/v1/products-pg?page=1&limit=10
New GET to: /api/v1/products-pg?page=1&limit=10
New GET to: /api/v1/products-pg?page=1&limit=10
New GET to: /api/v1/products-pg?page=1&limit=10
New GET to: /api/v1/products-pg?page=1&limit=10
New GET to: /api/v1/products-pg?page=1&limit=10
New GET to: /api/v1/products-pg?page=1&limit=10
New GET to: /api/v1/products-pg?page=1&limit=10
New GET to: /api/v1/products-pg?page=1&limit=10
New GET to: /api/v1/products-pg?page=1&limit=10
New GET to: /api/v1/products-pg?page=1&limit=10
New GET to: /api/v1/products-pg?page=1&limit=10
New GET to: /api/v1/products-pg?page=1&limit=10
New GET to: /api/v1/products-pg?page=1&limit=10
New GET to: /api/v1/products-pg?page=1&limit=10
New GET to: /api/v1/products-pg?page=1&limit=10
New GET to: /api/v1/products-pg?page=1&limit=10
New GET to: /api/v1/products-pg?page=1&limit=10
New GET to: /api/v1/products-pg?page=1&limit=10
New GET to: /api/v1/products-pg?page=1&limit=10
New GET to: /api/v1/products-pg?page=1&limit=10
New GET to: /api/v1/products-pg?page=1&limit=10
New GET to: /api/v1/products-pg?page=1&limit=10
New GET to: /api/v1/products-pg?page=1&limit=10
New GET to: /api/v1/products-pg?page=1&limit=10
New GET to: /api/v1/products-pg?page=1&limit=10
New GET to: /api/v1/products-pg?page=1&limit=10
New GET to: /api/v1/products-pg?page=1&limit=10
New GET to: /api/v1/products-pg?page=1&limit=10
New GET to: /api/v1/products-pg?page=1&limit=10
New GET to: /api/v1/products-pg?page=1&limit=10
New GET to: /api/v1/products-pg?page=1&limit=10
New GET to: /api/v1/products-pg?page=1&limit=10
New GET to: /api/v1/products-pg?page=1&limit=10
New GET to: /api/v1/products-pg?page=1&limit=10
New GET to: /api/v1/products-pg?page=1&limit=10
New GET to: /api/v1/products-pg?page=1&limit=10
New GET to: /api/v1/products-pg?page=1&limit=10
New GET to: /api/v1/products-pg?page=1&limit=10
New GET to: /api/v1/products-pg?page=1&limit=10
New GET to: /api/v1/products-pg?page=1&limit=10
New GET to: /api/v1/products-pg?page=1&limit=10
New GET to: /api/v1/products-pg?page=1&limit=10
New GET to: /api/v1/products-pg?page=1&limit=10
New GET to: /api/v1/products-pg?page=1&limit=10
New GET to: /api/v1/products-pg?page=1&limit=10
New GET to: /api/v1/products-pg?page=1&limit=10
New GET to: /api/v1/products-pg?page=1&limit=10
New GET to: /api/v1/products-pg?page=1&limit=10
New GET to: /api/v1/products-pg?page=1&limit=10
New GET to: /api/v1/products-pg?page=1&limit=10
New GET to: /api/v1/products-pg?page=1&limit=10
New GET to: /api/v1/products-pg?page=1&limit=10
New GET to: /api/v1/products-pg?page=1&limit=10
New GET to: /api/v1/products-pg?page=1&limit=10
New GET to: /api/v1/products-pg?page=1&limit=10
New GET to: /api/v1/products-pg?page=1&limit=10
New GET to: /api/v1/products-pg?page=1&limit=10
New GET to: /api/v1/products-pg?page=1&limit=10
New GET to: /api/v1/products-pg?page=1&limit=10
New GET to: /api/v1/products-pg?page=1&limit=10
New GET to: /api/v1/products-pg?page=1&limit=10
New GET to: /api/v1/products-pg?page=1&limit=10
New GET to: /api/v1/products-pg?page=1&limit=10
New GET to: /api/v1/products-pg?page=1&limit=10
New GET to: /api/v1/products-pg?page=1&limit=10
New GET to: /api/v1/products-pg?page=1&limit=10
New GET to: /api/v1/products-pg?page=1&limit=10
New GET to: /api/v1/products-pg?page=1&limit=10
New GET to: /api/v1/products-pg?page=1&limit=10
New GET to: /api/v1/products-pg?page=1&limit=10
New GET to: /api/v1/products-pg?page=1&limit=10
New GET to: /api/v1/products-pg?page=1&limit=10
New GET to: /api/v1/products-pg?page=1&limit=10
New GET to: /api/v1/products-pg?page=1&limit=10
New GET to: /api/v1/products-pg?page=1&limit=10
New GET to: /api/v1/products-pg?page=1&limit=10
New GET to: /api/v1/products-pg?page=1&limit=10
New GET to: /api/v1/products-pg?page=1&limit=10
New GET to: /api/v1/products-pg?page=1&limit=10
New GET to: /api/v1/products-pg?page=1&limit=10
New GET to: /api/v1/products-pg?page=1&limit=10
New GET to: /api/v1/products-pg?page=1&limit=10
New GET to: /api/v1/products-pg?page=1&limit=10
New GET to: /api/v1/products-pg?page=1&limit=10
New GET to: /api/v1/products-pg?page=1&limit=10
New GET to: /api/v1/products-pg?page=1&limit=10
New GET to: /api/v1/products-pg?page=1&limit=10
New GET to: /api/v1/products-pg?page=1&limit=10
New GET to: /api/v1/products-pg?page=1&limit=10
New GET to: /api/v1/products-pg?page=1&limit=10
New GET to: /api/v1/products-pg?page=1&limit=10
New GET to: /api/v1/products-pg?page=1&limit=10
New GET to: /api/v1/products-pg?page=1&limit=10
New GET to: /api/v1/products-pg?page=1&limit=10
New GET to: /api/v1/products-pg?page=1&limit=10
New GET to: /api/v1/products-pg?page=1&limit=10
New GET to: /api/v1/products-pg?page=1&limit=10
New GET to: /api/v1/products-pg?page=1&limit=10
New GET to: /api/v1/products-pg?page=1&limit=10
New GET to: /api/v1/products-pg?page=1&limit=10
New GET to: /api/v1/products-pg?page=1&limit=10
New GET to: /api/v1/products-pg?page=1&limit=10
New GET to: /api/v1/products-pg?page=1&limit=10
New GET to: /api/v1/products-pg?page=1&limit=10
New GET to: /api/v1/products-pg?page=1&limit=10
New GET to: /api/v1/products-pg?page=1&limit=10
New GET to: /api/v1/products-pg?page=1&limit=10
New GET to: /api/v1/products-pg?page=1&limit=10
New GET to: /api/v1/products-pg?page=1&limit=10
New GET to: /api/v1/products-pg?page=1&limit=10
New GET to: /api/v1/products-pg?page=1&limit=10
New GET to: /api/v1/products-pg?page=1&limit=10
New GET to: /api/v1/products-pg?page=1&limit=10
New GET to: /api/v1/products-pg?page=1&limit=10
New GET to: /api/v1/products-pg?page=1&limit=10
New GET to: /api/v1/products-pg?page=1&limit=10
New GET to: /api/v1/products-pg?page=1&limit=10
New GET to: /api/v1/products-pg?page=1&limit=10
New GET to: /api/v1/products-pg?page=1&limit=10
New GET to: /api/v1/products-pg?page=1&limit=10
New GET to: /api/v1/products-pg?page=1&limit=10
New GET to: /api/v1/products-pg?page=1&limit=10
New GET to: /api/v1/products-pg?page=1&limit=10
New GET to: /api/v1/products-pg?page=1&limit=10
New GET to: /api/v1/products-pg?page=1&limit=10
New GET to: /api/v1/products-pg?page=1&limit=10
New GET to: /api/v1/products-pg?page=1&limit=10
New GET to: /api/v1/products-pg?page=1&limit=10
New GET to: /api/v1/products-pg?page=1&limit=10
New GET to: /api/v1/products-pg?page=1&limit=10
New GET to: /api/v1/products-pg?page=1&limit=10
New GET to: /api/v1/products-pg?page=1&limit=10
New GET to: /api/v1/products-pg?page=1&limit=10
New GET to: /api/v1/products-pg?page=1&limit=10
New GET to: /api/v1/products-pg?page=1&limit=10
New GET to: /api/v1/products-pg?page=1&limit=10
New GET to: /api/v1/products-pg?page=1&limit=10
New GET to: /api/v1/products-pg?page=1&limit=10
New GET to: /api/v1/products-pg?page=1&limit=10
New GET to: /api/v1/products-pg?page=1&limit=10
New GET to: /api/v1/products-pg?page=1&limit=10
New GET to: /api/v1/products-pg?page=1&limit=10
New GET to: /api/v1/products-pg?page=1&limit=10
New GET to: /api/v1/products-pg?page=1&limit=10
New GET to: /api/v1/products-pg?page=1&limit=10
New GET to: /api/v1/products-pg?page=1&limit=10
New GET to: /api/v1/products-pg?page=1&limit=10
New GET to: /api/v1/products-pg?page=1&limit=10
New GET to: /api/v1/products-pg?page=1&limit=10
New GET to: /api/v1/products-pg?page=1&limit=10
New GET to: /api/v1/products-pg?page=1&limit=10
New GET to: /api/v1/products-pg?page=1&limit=10
New GET to: /api/v1/products-pg?page=1&limit=10
New GET to: /api/v1/products-pg?page=1&limit=10
New GET to: /api/v1/products-pg?page=1&limit=10
New GET to: /api/v1/products-pg?page=1&limit=10
New GET to: /api/v1/products-pg?page=1&limit=10
New GET to: /api/v1/products-pg?page=1&limit=10
New GET to: /api/v1/products-pg?page=1&limit=10
New GET to: /api/v1/products-pg?page=1&limit=10
New GET to: /api/v1/products-pg?page=1&limit=10
New GET to: /api/v1/products-pg?page=1&limit=10
New GET to: /api/v1/products-pg?page=1&limit=10
New GET to: /api/v1/products-pg?page=1&limit=10
New GET to: /api/v1/products-pg?page=1&limit=10
New GET to: /api/v1/products-pg?page=1&limit=10
New GET to: /api/v1/products-pg?page=1&limit=10
New GET to: /api/v1/products-pg?page=1&limit=10
New GET to: /api/v1/products-pg?page=1&limit=10
New GET to: /api/v1/products-pg?page=1&limit=10
New GET to: /api/v1/products-pg?page=1&limit=10
New GET to: /api/v1/products-pg?page=1&limit=10
New GET to: /api/v1/products-pg?page=1&limit=10
New GET to: /api/v1/products-pg?page=1&limit=10
New GET to: /api/v1/products-pg?page=1&limit=10
New GET to: /api/v1/products-pg?page=1&limit=10
New GET to: /api/v1/products-pg?page=1&limit=10
New GET to: /api/v1/products-pg?page=1&limit=10
New GET to: /api/v1/products-pg?page=1&limit=10
New GET to: /api/v1/products-pg?page=1&limit=10
New GET to: /api/v1/products-pg?page=1&limit=10
New GET to: /api/v1/products-pg?page=1&limit=10
New GET to: /api/v1/products-pg?page=1&limit=10
New GET to: /api/v1/products-pg?page=1&limit=10
New GET to: /api/v1/products-pg?page=1&limit=10
New GET to: /api/v1/products-pg?page=1&limit=10
New GET to: /api/v1/products-pg?page=1&limit=10
New GET to: /api/v1/products-pg?page=1&limit=10
New GET to: /api/v1/products-pg?page=1&limit=10
New GET to: /api/v1/products-pg?page=1&limit=10
New GET to: /api/v1/products-pg?page=1&limit=10
New GET to: /api/v1/products-pg?page=1&limit=10
New GET to: /api/v1/products-pg?page=1&limit=10
New GET to: /api/v1/products-pg?page=1&limit=10
New GET to: /api/v1/products-pg?page=1&limit=10
New GET to: /api/v1/products-pg?page=1&limit=10
New GET to: /api/v1/products-pg?page=1&limit=10
New GET to: /api/v1/products-pg?page=1&limit=10
New GET to: /api/v1/products-pg?page=1&limit=10
New GET to: /api/v1/products-pg?page=1&limit=10
New GET to: /api/v1/products-pg?page=1&limit=10
New GET to: /api/v1/products-pg?page=1&limit=10
New GET to: /api/v1/products-pg?page=1&limit=10
New GET to: /api/v1/products-pg?page=1&limit=10
New GET to: /api/v1/products-pg?page=1&limit=10
New GET to: /api/v1/products-pg?page=1&limit=10
New GET to: /api/v1/products-pg?page=1&limit=10
New GET to: /api/v1/products-pg?page=1&limit=10
New GET to: /api/v1/products-pg?page=1&limit=10
New GET to: /api/v1/products-pg?page=1&limit=10
New GET to: /api/v1/products-pg?page=1&limit=10
New GET to: /api/v1/products-pg?page=1&limit=10
New GET to: /api/v1/products-pg?page=1&limit=10
New GET to: /api/v1/products-pg?page=1&limit=10
New GET to: /api/v1/products-pg?page=1&limit=10
New GET to: /api/v1/products-pg?page=1&limit=10
New GET to: /api/v1/products-pg?page=1&limit=10
New GET to: /api/v1/products-pg?page=0&limit=10
New GET to: /api/v1/products-pg?page=1&limit=10
New GET to: /api/v1/products-pg?page=1&limit=10
New GET to: /api/v1/products-pg?page=1&limit=10
New GET to: /api/v1/products-pg?page=1&limit=10
New GET to: /api/v1/products-pg?page=1&limit=10
New GET to: /api/v1/products-pg?page=1&limit=10
New GET to: /api/v1/products-pg?page=1&limit=10
New GET to: /api/v1/products-pg?page=1&limit=10
New GET to: /api/v1/products-pg?page=1&limit=10
New GET to: /api/v1/products-pg?page=1&limit=10
New GET to: /api/v1/products-pg?page=1&limit=10
New GET to: /api/v1/products-pg?page=1&limit=10
New GET to: /api/v1/products-pg?page=1&limit=10
New GET to: /api/v1/products-pg?page=1&limit=10
New GET to: /api/v1/products-pg?page=1&limit=10
New GET to: /api/v1/products-pg?page=1&limit=10
New GET to: /api/v1/products-pg?page=1&limit=10
New GET to: /api/v1/products-pg?page=1&limit=10
New GET to: /api/v1/products-pg?page=1&limit=10
New GET to: /api/v1/products-pg?page=1&limit=10
New GET to: /api/v1/products-pg?page=1&limit=10
New GET to: /api/v1/products-pg?page=1&limit=10
New GET to: /api/v1/products-pg?page=1&limit=10
New GET to: /api/v1/products-pg?page=1&limit=10
New GET to: /api/v1/products-pg?page=1&limit=10
New GET to: /api/v1/products-pg?page=1&limit=10
New GET to: /api/v1/products-pg?page=1&limit=10
New GET to: /api/v1/products-pg?page=1&limit=10
New GET to: /api/v1/products-pg?page=1&limit=10
New GET to: /api/v1/products-pg?page=1&limit=10
New GET to: /api/v1/products-pg?page=1&limit=10
New GET to: /api/v1/products-pg?page=1&limit=10
New GET to: /api/v1/products-pg?page=1&limit=10
New GET to: /api/v1/products-pg?page=1&limit=10
New GET to: /api/v1/products-pg?page=1&limit=10
New GET to: /api/v1/products-pg?page=1&limit=10
New GET to: /api/v1/products-pg?page=1&limit=10
New GET to: /api/v1/products-pg?page=1&limit=10
New GET to: /api/v1/products-pg?page=1&limit=10
New GET to: /api/v1/products-pg?page=1&limit=10
New GET to: /api/v1/products-pg?page=1&limit=10
New GET to: /api/v1/products-pg?page=1&limit=10
New GET to: /api/v1/products-pg?page=1&limit=10
New GET to: /api/v1/products-pg?page=1&limit=10
New GET to: /api/v1/products-pg?page=1&limit=10
New GET to: /api/v1/products-pg?page=1&limit=10
New GET to: /api/v1/products-pg?page=1&limit=10
New GET to: /api/v1/products-pg?page=1&limit=10
New GET to: /api/v1/products-pg?page=1&limit=10
New GET to: /api/v1/products-pg?page=1&limit=10
New GET to: /api/v1/products-pg?page=1&limit=10
New GET to: /api/v1/products-pg?page=1&limit=10
New GET to: /api/v1/products-pg?page=1&limit=10
New GET to: /api/v1/products-pg?page=1&limit=10
New GET to: /api/v1/products-pg?page=1&limit=10
New GET to: /api/v1/products-pg?page=1&limit=10
New GET to: /api/v1/products-pg?page=1&limit=10
New GET to: /api/v1/products-pg?page=1&limit=10
New GET to: /api/v1/products-pg?page=1&limit=10
New GET to: /api/v1/products-pg?page=1&limit=10
New GET to: /api/v1/products-pg?page=1&limit=10
New GET to: /api/v1/products-pg?page=1&limit=10
New GET to: /api/v1/products-pg?page=1&limit=10
New GET to: /api/v1/products-pg?page=1&limit=10
New GET to: /api/v1/products-pg?page=1&limit=10
New GET to: /api/v1/products-pg?page=1&limit=10
New GET to: /api/v1/products-pg?page=1&limit=10
New GET to: /api/v1/products-pg?page=1&limit=10
New GET to: /api/v1/products-pg?page=1&limit=10
New GET to: /api/v1/products-pg?page=1&limit=10
New GET to: /api/v1/products-pg?page=1&limit=10
New GET to: /api/v1/products-pg?page=1&limit=10
New GET to: /api/v1/products-pg?page=1&limit=10
New GET to: /api/v1/products-pg?page=1&limit=10
New GET to: /api/v1/products-pg?page=1&limit=10
New GET to: /api/v1/products-pg?page=1&limit=10
New GET to: /api/v1/products-pg?page=1&limit=10
New GET to: /api/v1/products-pg?page=1&limit=10
New GET to: /api/v1/products-pg?page=1&limit=10
New GET to: /api/v1/products-pg?page=1&limit=10
New GET to: /api/v1/products-pg?page=1&limit=10
New GET to: /api/v1/products-pg?page=1&limit=10
New GET to: /api/v1/products-pg?page=1&limit=10
New GET to: /api/v1/products-pg?page=1&limit=10
New GET to: /api/v1/products-pg?page=1&limit=10
New GET to: /api/v1/products-pg?page=1&limit=10
New GET to: /api/v1/products-pg?page=1&limit=10
New GET to: /api/v1/products-pg?page=1&limit=10
New GET to: /api/v1/products-pg?page=1&limit=10
New GET to: /api/v1/products-pg?page=1&limit=10
New GET to: /api/v1/products-pg?page=1&limit=10
New GET to: /api/v1/products-pg?page=1&limit=10
New GET to: /api/v1/products-pg?page=1&limit=10
New GET to: /api/v1/products-pg?page=1&limit=10
New GET to: /api/v1/products-pg?page=1&limit=10
New GET to: /api/v1/products-pg?page=1&limit=10
New GET to: /api/v1/products-pg?page=1&limit=10
New GET to: /api/v1/products-pg?page=1&limit=10
New GET to: /api/v1/products-pg?page=1&limit=10
New GET to: /api/v1/products-pg?page=1&limit=10
New GET to: /api/v1/products-pg?page=1&limit=10
New GET to: /api/v1/products-pg?page=1&limit=10
New GET to: /api/v1/products-pg?page=1&limit=10
New GET to: /api/v1/products-pg?page=1&limit=10
New GET to: /api/v1/products-pg?page=1&limit=10
New GET to: /api/v1/products-pg?page=1&limit=10
New GET to: /api/v1/products-pg?page=1&limit=10
New GET to: /api/v1/products-pg?page=1&limit=10
New GET to: /api/v1/products-pg?page=1&limit=10
New GET to: /api/v1/products-pg?page=1&limit=10
New GET to: /api/v1/products-pg?page=1&limit=10
New GET to: /api/v1/products-pg?page=1&limit=10
New GET to: /api/v1/products-pg?page=1&limit=10
New GET to: /api/v1/products-pg?page=1&limit=10
New GET to: /api/v1/products-pg?page=1&limit=10
New GET to: /api/v1/products-pg?page=1&limit=10
New GET to: /api/v1/products-pg?page=1&limit=10
New GET to: /api/v1/products-pg?page=1&limit=10
New GET to: /api/v1/products-pg?page=1&limit=10
New GET to: /api/v1/products-pg?page=1&limit=10
New GET to: /api/v1/products-pg?page=1&limit=10
New GET to: /api/v1/products-pg?page=1&limit=10
New GET to: /api/v1/products-pg?page=1&limit=10
New GET to: /api/v1/products-pg?page=1&limit=10
New GET to: /api/v1/products-pg?page=1&limit=10
New GET to: /api/v1/products-pg?page=1&limit=10
New GET to: /api/v1/products-pg?page=1&limit=10
New GET to: /api/v1/products-pg?page=1&limit=10
New GET to: /api/v1/products-pg?page=1&limit=10
New GET to: /api/v1/products-pg?page=1&limit=10
New GET to: /api/v1/products-pg?page=1&limit=10
New GET to: /api/v1/products-pg?page=1&limit=10
New GET to: /api/v1/products-pg?page=1&limit=10
New GET to: /api/v1/products-pg?page=1&limit=10
New GET to: /api/v1/products-pg?page=1&limit=10
New GET to: /api/v1/products-pg?page=1&limit=10
New GET to: /api/v1/products-pg?page=1&limit=10
New GET to: /api/v1/products-pg?page=1&limit=10
New GET to: /api/v1/products-pg?page=1&limit=10
New GET to: /api/v1/products-pg?page=1&limit=10
New GET to: /api/v1/products-pg?page=1&limit=10
New GET to: /api/v1/products-pg?page=1&limit=10
New GET to: /api/v1/products-pg?page=1&limit=10
New GET to: /api/v1/products-pg?page=1&limit=10
New GET to: /api/v1/products-pg?page=1&limit=10
New GET to: /api/v1/products-pg?page=1&limit=10
New GET to: /api/v1/products-pg?page=1&limit=10
New GET to: /api/v1/products-pg?page=1&limit=10
New GET to: /api/v1/products-pg?page=1&limit=10
New GET to: /api/v1/products-pg?page=1&limit=10
New GET to: /api/v1/products-pg?page=1&limit=10
New GET to: /api/v1/products-pg?page=1&limit=10
New GET to: /api/v1/products-pg?page=1&limit=10
New GET to: /api/v1/products-pg?page=1&limit=10
New GET to: /api/v1/products-pg?page=1&limit=10
New GET to: /api/v1/products-pg?page=1&limit=10
New GET to: /api/v1/products-pg?page=1&limit=10
New GET to: /api/v1/products-pg?page=1&limit=10
New GET to: /api/v1/products-pg?page=1&limit=10
New GET to: /api/v1/products-pg?page=1&limit=10
New GET to: /api/v1/products-pg?page=1&limit=10
New GET to: /api/v1/products-pg?page=1&limit=10
New GET to: /api/v1/products-pg?page=1&limit=10
New GET to: /api/v1/products-pg?page=1&limit=10
New GET to: /api/v1/products-pg?page=1&limit=10
New GET to: /api/v1/products-pg?page=1&limit=10
New GET to: /api/v1/products-pg?page=1&limit=10
New GET to: /api/v1/products-pg?page=1&limit=10
New GET to: /api/v1/products-pg?page=1&limit=10
New GET to: /api/v1/products-pg?page=1&limit=10
New GET to: /api/v1/products-pg?page=1&limit=10
New GET to: /api/v1/products-pg?page=1&limit=10
New GET to: /api/v1/products-pg?page=1&limit=10
New GET to: /api/v1/products-pg?page=1&limit=10
New GET to: /api/v1/products-pg?page=1&limit=10
New GET to: /api/v1/products-pg?page=1&limit=10
New GET to: /api/v1/products-pg?page=1&limit=10
New GET to: /api/v1/products-pg?page=1&limit=10
New GET to: /api/v1/products-pg?page=1&limit=10
New GET to: /api/v1/products-pg?page=1&limit=10
New GET to: /api/v1/products-pg?page=1&limit=10
New GET to: /api/v1/products-pg?page=1&limit=10
New GET to: /api/v1/products-pg?page=1&limit=10
New GET to: /api/v1/products-pg?page=1&limit=10
New GET to: /api/v1/products-pg?page=1&limit=10
New GET to: /api/v1/products-pg?page=1&limit=10
New GET to: /api/v1/products-pg?page=1&limit=10
New GET to: /api/v1/products-pg?page=1&limit=10
New GET to: /api/v1/products-pg?page=1&limit=10
New GET to: /api/v1/products-pg?page=1&limit=10
New GET to: /api/v1/products-pg?page=1&limit=10
New GET to: /api/v1/products-pg?page=1&limit=10
New GET to: /api/v1/products-pg?page=1&limit=10
New GET to: /api/v1/products-pg?page=1&limit=10
New GET to: /api/v1/products-pg?page=1&limit=10
New GET to: /api/v1/products-pg?page=1&limit=10
New GET to: /api/v1/products-pg?page=1&limit=10
New GET to: /api/v1/products-pg?page=1&limit=10
New GET to: /api/v1/products-pg?page=1&limit=10
New GET to: /api/v1/products-pg?page=1&limit=10
New GET to: /api/v1/products-pg?page=1&limit=10
New GET to: /api/v1/products-pg?page=1&limit=10
New GET to: /api/v1/products-pg?page=1&limit=10
New GET to: /api/v1/products-pg?page=1&limit=10
New GET to: /api/v1/products-pg?page=1&limit=10
New GET to: /api/v1/products-pg?page=1&limit=10
New GET to: /api/v1/products-pg?page=1&limit=10
New GET to: /api/v1/products-pg?page=1&limit=10
New GET to: /api/v1/products-pg?page=1&limit=10
New GET to: /api/v1/products-pg?page=1&limit=10
New GET to: /api/v1/products-pg?page=1&limit=10
New GET to: /api/v1/products-pg?page=1&limit=10
New GET to: /api/v1/products-pg?page=1&limit=10
New GET to: /api/v1/products-pg?page=1&limit=10
New GET to: /api/v1/products-pg?page=1&limit=10
New GET to: /api/v1/products-pg?page=1&limit=10
New GET to: /api/v1/products-pg?page=1&limit=10
New GET to: /api/v1/products-pg?page=1&limit=10
New GET to: /api/v1/products-pg?page=1&limit=10
New GET to: /api/v1/products-pg?page=1&limit=10
New GET to: /api/v1/products-pg?page=1&limit=10
New GET to: /api/v1/products-pg?page=1&limit=10
New GET to: /api/v1/products-pg?page=1&limit=10
New GET to: /api/v1/products-pg?page=1&limit=10
New GET to: /api/v1/products-pg?page=1&limit=10
New GET to: /api/v1/products-pg?page=1&limit=10
New GET to: /api/v1/products-pg?page=1&limit=10
New GET to: /api/v1/products-pg?page=1&limit=10
New GET to: /api/v1/products-pg?page=1&limit=10
New GET to: /api/v1/products-pg?page=1&limit=10
New GET to: /api/v1/products-pg?page=1&limit=10
New GET to: /api/v1/products-pg?page=1&limit=10
New GET to: /api/v1/products-pg?page=1&limit=10
New GET to: /api/v1/products-pg?page=1&limit=10
New GET to: /api/v1/products-pg?page=1&limit=10
New GET to: /api/v1/products-pg?page=1&limit=10
New GET to: /api/v1/products-pg?page=1&limit=10
New GET to: /api/v1/products-pg?page=1&limit=10
New GET to: /api/v1/products-pg?page=0&limit=10
New GET to: /api/v1/products-pg?page=1&limit=10
New GET to: /api/v1/products-pg?page=1&limit=10
New GET to: /api/v1/products-pg?page=1&limit=10
New GET to: /api/v1/products-pg?page=1&limit=10
New GET to: /api/v1/products-pg?page=1&limit=10
New GET to: /api/v1/products-pg?page=1&limit=10
New GET to: /api/v1/products-pg?page=1&limit=10
New GET to: /api/v1/products-pg?page=1&limit=10
New GET to: /api/v1/products-pg?page=1&limit=10
New GET to: /api/v1/products-pg?page=1&limit=10
New GET to: /api/v1/products-pg?page=1&limit=10
New GET to: /api/v1/products-pg?page=1&limit=10
New GET to: /api/v1/products-pg?page=1&limit=10
New GET to: /api/v1/products-pg?page=1&limit=10
New GET to: /api/v1/products-pg?page=1&limit=10
New GET to: /api/v1/products-pg?page=1&limit=10
New GET to: /api/v1/products-pg?page=1&limit=10
New GET to: /api/v1/products-pg?page=1&limit=10
New GET to: /api/v1/products-pg?page=1&limit=10
New GET to: /api/v1/products-pg?page=1&limit=10
New GET to: /api/v1/products-pg?page=1&limit=10
New GET to: /api/v1/products-pg?page=1&limit=10
New GET to: /api/v1/products-pg?page=1&limit=10
New GET to: /api/v1/products-pg?page=1&limit=10
New GET to: /api/v1/products-pg?page=1&limit=10
New GET to: /api/v1/products-pg?page=1&limit=10
New GET to: /api/v1/products-pg?page=1&limit=10
New GET to: /api/v1/products-pg?page=1&limit=10
New GET to: /api/v1/products-pg?page=1&limit=10
New GET to: /api/v1/products-pg?page=1&limit=10
New GET to: /api/v1/products-pg?page=1&limit=10
New GET to: /api/v1/products-pg?page=1&limit=10
New GET to: /api/v1/products-pg?page=1&limit=10
New GET to: /api/v1/products-pg?page=1&limit=10
New GET to: /api/v1/products-pg?page=1&limit=10
New GET to: /api/v1/products-pg?page=1&limit=10
New GET to: /api/v1/products-pg?page=1&limit=10
New GET to: /api/v1/products-pg?page=1&limit=10
New GET to: /api/v1/products-pg?page=1&limit=10
New GET to: /api/v1/products-pg?page=1&limit=10
New GET to: /api/v1/products-pg?page=1&limit=10
New GET to: /api/v1/products-pg?page=1&limit=10
New GET to: /api/v1/products-pg?page=1&limit=10
New GET to: /api/v1/products-pg?page=1&limit=10
New GET to: /api/v1/products-pg?page=1&limit=10
New GET to: /api/v1/products-pg?page=1&limit=10
New GET to: /api/v1/products-pg?page=1&limit=10
New GET to: /api/v1/products-pg?page=1&limit=10
New GET to: /api/v1/products-pg?page=1&limit=10
New GET to: /api/v1/products-pg?page=1&limit=10
New GET to: /api/v1/products-pg?page=1&limit=10
New GET to: /api/v1/products-pg?page=1&limit=10
New GET to: /api/v1/products-pg?page=1&limit=10
New GET to: /api/v1/products-pg?page=1&limit=10
New GET to: /api/v1/products-pg?page=1&limit=10
New GET to: /api/v1/products-pg?page=1&limit=10
New GET to: /api/v1/products-pg?page=1&limit=10
New GET to: /api/v1/products-pg?page=1&limit=10
New GET to: /api/v1/products-pg?page=1&limit=10
New GET to: /api/v1/products-pg?page=1&limit=10
New GET to: /api/v1/products-pg?page=1&limit=10
New GET to: /api/v1/products-pg?page=1&limit=10
New GET to: /api/v1/products-pg?page=1&limit=10
New GET to: /api/v1/products-pg?page=1&limit=10
New GET to: /api/v1/products-pg?page=1&limit=10
New GET to: /api/v1/products-pg?page=1&limit=10
New GET to: /api/v1/products-pg?page=1&limit=10
New GET to: /api/v1/products-pg?page=1&limit=10
New GET to: /api/v1/products-pg?page=1&limit=10
New GET to: /api/v1/products-pg?page=1&limit=10
New GET to: /api/v1/products-pg?page=1&limit=10
New GET to: /api/v1/products-pg?page=1&limit=10
New GET to: /api/v1/products-pg?page=1&limit=10
New GET to: /api/v1/products-pg?page=1&limit=10
New GET to: /api/v1/products-pg?page=1&limit=10
New GET to: /api/v1/products-pg?page=1&limit=10
New GET to: /api/v1/products-pg?page=1&limit=10
New GET to: /api/v1/products-pg?page=1&limit=10
New GET to: /api/v1/products-pg?page=1&limit=10
New GET to: /api/v1/products-pg?page=1&limit=10
New GET to: /api/v1/products-pg?page=1&limit=10
New GET to: /api/v1/products-pg?page=1&limit=10
New GET to: /api/v1/products-pg?page=1&limit=10
New GET to: /api/v1/products-pg?page=1&limit=10
New GET to: /api/v1/products-pg?page=1&limit=10
New GET to: /api/v1/products-pg?page=1&limit=10
New GET to: /api/v1/products-pg?page=1&limit=10
New GET to: /api/v1/products-pg?page=1&limit=10
New GET to: /api/v1/products-pg?page=1&limit=10
New GET to: /api/v1/products-pg?page=1&limit=10
New GET to: /api/v1/products-pg?page=1&limit=10
New GET to: /api/v1/products-pg?page=1&limit=10
New GET to: /api/v1/products-pg?page=1&limit=10
New GET to: /api/v1/products-pg?page=1&limit=10
New GET to: /api/v1/products-pg?page=1&limit=10
New GET to: /api/v1/products-pg?page=1&limit=10
New GET to: /api/v1/products-pg?page=1&limit=10
New GET to: /api/v1/products-pg?page=1&limit=10
New GET to: /api/v1/products-pg?page=1&limit=10
New GET to: /api/v1/products-pg?page=1&limit=10
New GET to: /api/v1/products-pg?page=1&limit=10
New GET to: /api/v1/products-pg?page=1&limit=10
New GET to: /api/v1/products-pg?page=1&limit=10
New GET to: /api/v1/products-pg?page=1&limit=10
New GET to: /api/v1/products-pg?page=1&limit=10
New GET to: /api/v1/products-pg?page=1&limit=10
New GET to: /api/v1/products-pg?page=1&limit=10
New GET to: /api/v1/products-pg?page=1&limit=10
New GET to: /api/v1/products-pg?page=1&limit=10
New GET to: /api/v1/products-pg?page=1&limit=10
New GET to: /api/v1/products-pg?page=1&limit=10
New GET to: /api/v1/products-pg?page=1&limit=10
New GET to: /api/v1/products-pg?page=1&limit=10
New GET to: /api/v1/products-pg?page=1&limit=10
New GET to: /api/v1/products-pg?page=1&limit=10
New GET to: /api/v1/products-pg?page=1&limit=10
New GET to: /api/v1/products-pg?page=1&limit=10
New GET to: /api/v1/products-pg?page=1&limit=10
New GET to: /api/v1/products-pg?page=1&limit=10
New GET to: /api/v1/products-pg?page=1&limit=10
New GET to: /api/v1/products-pg?page=1&limit=10
New GET to: /api/v1/products-pg?page=1&limit=10
New GET to: /api/v1/products-pg?page=1&limit=10
New GET to: /api/v1/products-pg?page=1&limit=10
New GET to: /api/v1/products-pg?page=1&limit=10
New GET to: /api/v1/products-pg?page=1&limit=10
New GET to: /api/v1/products-pg?page=1&limit=10
New GET to: /api/v1/products-pg?page=1&limit=10
New GET to: /api/v1/products-pg?page=1&limit=10
New GET to: /api/v1/products-pg?page=1&limit=10
New GET to: /api/v1/products-pg?page=1&limit=10
New GET to: /api/v1/products-pg?page=1&limit=10
New GET to: /api/v1/products-pg?page=1&limit=10
New GET to: /api/v1/products-pg?page=1&limit=10
New GET to: /api/v1/products-pg?page=1&limit=10
New GET to: /api/v1/products-pg?page=1&limit=10
New GET to: /api/v1/products-pg?page=1&limit=10
New GET to: /api/v1/products-pg?page=1&limit=10
New GET to: /api/v1/products-pg?page=1&limit=10
New GET to: /api/v1/products-pg?page=1&limit=10
New GET to: /api/v1/products-pg?page=1&limit=10
New GET to: /api/v1/products-pg?page=1&limit=10
New GET to: /api/v1/products-pg?page=1&limit=10
New GET to: /api/v1/products-pg?page=1&limit=10
New GET to: /api/v1/products-pg?page=1&limit=10
New GET to: /api/v1/products-pg?page=1&limit=10
New GET to: /api/v1/products-pg?page=1&limit=10
New GET to: /api/v1/products-pg?page=1&limit=10
New GET to: /api/v1/products-pg?page=1&limit=10
New GET to: /api/v1/products-pg?page=1&limit=10
New GET to: /api/v1/products-pg?page=1&limit=10
New GET to: /api/v1/products-pg?page=1&limit=10
New GET to: /api/v1/products-pg?page=1&limit=10
New GET to: /api/v1/products-pg?page=1&limit=10
New GET to: /api/v1/products-pg?page=1&limit=10
New GET to: /api/v1/products-pg?page=1&limit=10
New GET to: /api/v1/products-pg?page=1&limit=10
New GET to: /api/v1/products-pg?page=1&limit=10
New GET to: /api/v1/products-pg?page=1&limit=10
New GET to: /api/v1/products-pg?page=1&limit=10
New GET to: /api/v1/products-pg?page=1&limit=10
New GET to: /api/v1/products-pg?page=1&limit=10
New GET to: /api/v1/products-pg?page=1&limit=10
New GET to: /api/v1/products-pg?page=1&limit=10
New GET to: /api/v1/products-pg?page=1&limit=10
New GET to: /api/v1/products-pg?page=1&limit=10
New GET to: /api/v1/products-pg?page=1&limit=10
New GET to: /api/v1/products-pg?page=1&limit=10
New GET to: /api/v1/products-pg?page=1&limit=10
New GET to: /api/v1/products-pg?page=1&limit=10
New GET to: /api/v1/products-pg?page=1&limit=10
New GET to: /api/v1/products-pg?page=1&limit=10
New GET to: /api/v1/products-pg?page=1&limit=10
New GET to: /api/v1/products-pg?page=1&limit=10
New GET to: /api/v1/products-pg?page=1&limit=10
New GET to: /api/v1/products-pg?page=1&limit=10
New GET to: /api/v1/products-pg?page=1&limit=10
New GET to: /api/v1/products-pg?page=1&limit=10
New GET to: /api/v1/products-pg?page=1&limit=10
New GET to: /api/v1/products-pg?page=1&limit=10
New GET to: /api/v1/products-pg?page=1&limit=10
New GET to: /api/v1/products-pg?page=1&limit=10
New GET to: /api/v1/products-pg?page=1&limit=10
New GET to: /api/v1/products-pg?page=1&limit=10
New GET to: /api/v1/products-pg?page=1&limit=10
New GET to: /api/v1/products-pg?page=1&limit=10
New GET to: /api/v1/products-pg?page=1&limit=10
New GET to: /api/v1/products-pg?page=1&limit=10
New GET to: /api/v1/products-pg?page=1&limit=10
New GET to: /api/v1/products-pg?page=1&limit=10
New GET to: /api/v1/products-pg?page=1&limit=10
New GET to: /api/v1/products-pg?page=1&limit=10
New GET to: /api/v1/products-pg?page=1&limit=10
New GET to: /api/v1/products-pg?page=1&limit=10
New GET to: /api/v1/products-pg?page=1&limit=10
New GET to: /api/v1/products-pg?page=1&limit=10
New GET to: /api/v1/products-pg?page=1&limit=10
New GET to: /api/v1/products-pg?page=1&limit=10
New GET to: /api/v1/products-pg?page=1&limit=10
New GET to: /api/v1/products-pg?page=1&limit=10
New GET to: /api/v1/products-pg?page=1&limit=10
New GET to: /api/v1/products-pg?page=1&limit=10
New GET to: /api/v1/products-pg?page=1&limit=10
New GET to: /api/v1/products-pg?page=1&limit=10
New GET to: /api/v1/products-pg?page=1&limit=10
New GET to: /api/v1/products-pg?page=1&limit=10
New GET to: /api/v1/products-pg?page=1&limit=10
New GET to: /api/v1/products-pg?page=1&limit=10
New GET to: /api/v1/products-pg?page=1&limit=10
New GET to: /api/v1/products-pg?page=1&limit=10
New GET to: /api/v1/products-pg?page=1&limit=10
New GET to: /api/v1/products-pg?page=1&limit=10
New GET to: /api/v1/products-pg?page=1&limit=10
New GET to: /api/v1/products-pg?page=1&limit=10
New GET to: /api/v1/products-pg?page=1&limit=10
New GET to: /api/v1/products-pg?page=1&limit=10
New GET to: /api/v1/products-pg?page=1&limit=10
New GET to: /api/v1/products-pg?page=1&limit=10
New GET to: /api/v1/products-pg?page=1&limit=10
New GET to: /api/v1/products-pg?page=1&limit=10
New GET to: /api/v1/products-pg?page=1&limit=10
New GET to: /api/v1/products-pg?page=1&limit=10
New GET to: /api/v1/products-pg?page=1&limit=10
New GET to: /api/v1/products-pg?page=1&limit=10
New GET to: /api/v1/products-pg?page=1&limit=10
New GET to: /api/v1/products-pg?page=1&limit=10
New GET to: /api/v1/products-pg?page=1&limit=10
New GET to: /api/v1/products-pg?page=1&limit=10
New GET to: /api/v1/products-pg?page=1&limit=10
New GET to: /api/v1/products-pg?page=1&limit=10
New GET to: /api/v1/products-pg?page=1&limit=10
New GET to: /api/v1/products-pg?page=1&limit=10
New GET to: /api/v1/products-pg?page=1&limit=10
New GET to: /api/v1/products-pg?page=1&limit=10
New GET to: /api/v1/products-pg?page=1&limit=10
New GET to: /api/v1/products-pg?page=1&limit=10
New GET to: /api/v1/products-pg?page=1&limit=10
New GET to: /api/v1/products-pg?page=1&limit=10
New GET to: /api/v1/products-pg?page=1&limit=10
New GET to: /api/v1/products-pg?page=1&limit=10
New GET to: /api/v1/products-pg?page=1&limit=10
New GET to: /api/v1/products-pg?page=1&limit=10
New GET to: /api/v1/products-pg?page=1&limit=10
New GET to: /api/v1/products-pg?page=1&limit=10
New GET to: /api/v1/products-pg?page=1&limit=10
New GET to: /api/v1/products-pg?page=1&limit=10
New GET to: /api/v1/products-pg?page=1&limit=10
New GET to: /api/v1/products-pg?page=1&limit=10
New GET to: /api/v1/products-pg?page=1&limit=10
New GET to: /api/v1/products-pg?page=1&limit=10
New GET to: /api/v1/products-pg?page=1&limit=10
New GET to: /api/v1/products-pg?page=1&limit=10
New GET to: /api/v1/products-pg?page=1&limit=10
New GET to: /api/v1/products-pg?page=1&limit=10
New GET to: /api/v1/products-pg?page=1&limit=10
New GET to: /api/v1/products-pg?page=1&limit=10
New GET to: /api/v1/products-pg?page=1&limit=10
New GET to: /api/v1/products-pg?page=1&limit=10
New GET to: /api/v1/products-pg?page=1&limit=10
New GET to: /api/v1/products-pg?page=1&limit=10
New GET to: /api/v1/products-pg?page=1&limit=10
New GET to: /api/v1/products-pg?page=1&limit=10
New GET to: /api/v1/products-pg?page=1&limit=10
New GET to: /api/v1/products-pg?page=1&limit=10
New GET to: /api/v1/products-pg?page=1&limit=10
New GET to: /api/v1/products-pg?page=1&limit=10
New GET to: /api/v1/products-pg?page=1&limit=10
New GET to: /api/v1/products-pg?page=1&limit=10
New GET to: /api/v1/products-pg?page=1&limit=10
New GET to: /api/v1/products-pg?page=1&limit=10
New GET to: /api/v1/products-pg?page=1&limit=10
New GET to: /api/v1/products-pg?page=1&limit=10
New GET to: /api/v1/products-pg?page=1&limit=10
New GET to: /api/v1/products-pg?page=1&limit=10
New GET to: /api/v1/products-pg?page=1&limit=10
New GET to: /api/v1/products-pg?page=1&limit=10
New GET to: /api/v1/products-pg?page=1&limit=10
New GET to: /api/v1/products-pg?page=1&limit=10
New GET to: /api/v1/products-pg?page=1&limit=10
New GET to: /api/v1/products-pg?page=1&limit=10
New GET to: /api/v1/products-pg?page=1&limit=10
New GET to: /api/v1/products-pg?page=1&limit=10
New GET to: /api/v1/products-pg?page=1&limit=10
New GET to: /api/v1/products-pg?page=1&limit=10
New GET to: /api/v1/products-pg?page=1&limit=10
New GET to: /api/v1/products-pg?page=1&limit=10
New GET to: /api/v1/products-pg?page=1&limit=10
New GET to: /api/v1/products-pg?page=1&limit=10
New GET to: /api/v1/products-pg?page=1&limit=10
New GET to: /api/v1/products-pg?page=1&limit=10
New GET to: /api/v1/products-pg?page=1&limit=10
New GET to: /api/v1/products-pg?page=1&limit=10
New GET to: /api/v1/products-pg?page=1&limit=10
New GET to: /api/v1/products-pg?page=1&limit=10
New GET to: /api/v1/products-pg?page=1&limit=10
New GET to: /api/v1/products-pg?page=1&limit=10
New GET to: /api/v1/products-pg?page=1&limit=10
New GET to: /api/v1/products-pg?page=1&limit=10
New GET to: /api/v1/products-pg?page=1&limit=10
New GET to: /api/v1/products-pg?page=1&limit=10
New GET to: /api/v1/products-pg?page=1&limit=10
New GET to: /api/v1/products-pg?page=1&limit=10
New GET to: /api/v1/products-pg?page=1&limit=10
New GET to: /api/v1/products-pg?page=1&limit=10
New GET to: /api/v1/products-pg?page=1&limit=10
New GET to: /api/v1/products-pg?page=1&limit=10
New GET to: /api/v1/products-pg?page=1&limit=10
New GET to: /api/v1/products-pg?page=1&limit=10
New GET to: /api/v1/products-pg?page=1&limit=10
New GET to: /api/v1/products-pg?page=1&limit=10
New GET to: /api/v1/products-pg?page=1&limit=10
New GET to: /api/v1/products-pg?page=1&limit=10
New GET to: /api/v1/products-pg?page=1&limit=10
New GET to: /api/v1/products-pg?page=1&limit=10
New GET to: /api/v1/products-pg?page=1&limit=10
New GET to: /api/v1/products-pg?page=1&limit=10
New GET to: /api/v1/products-pg?page=1&limit=10
New GET to: /api/v1/products-pg?page=1&limit=10
New GET to: /api/v1/products-pg?page=1&limit=10
New GET to: /api/v1/products-pg?page=1&limit=10
New GET to: /api/v1/products-pg?page=1&limit=10
New GET to: /api/v1/products-pg?page=1&limit=10
New GET to: /api/v1/products-pg?page=1&limit=10
New GET to: /api/v1/products-pg?page=1&limit=10
New GET to: /api/v1/products-pg?page=1&limit=10
New GET to: /api/v1/products-pg?page=1&limit=10
New GET to: /api/v1/products-pg?page=1&limit=10
New GET to: /api/v1/products-pg?page=1&limit=10
New GET to: /api/v1/products-pg?page=1&limit=10
New GET to: /api/v1/products-pg?page=1&limit=10
New GET to: /api/v1/products-pg?page=1&limit=10
New GET to: /api/v1/products-pg?page=1&limit=10
New GET to: /api/v1/products-pg?page=1&limit=10
New GET to: /api/v1/products-pg?page=1&limit=10
New GET to: /api/v1/products-pg?page=1&limit=10
New GET to: /api/v1/products-pg?page=1&limit=10
New GET to: /api/v1/products-pg?page=1&limit=10
New GET to: /api/v1/products-pg?page=1&limit=10
New GET to: /api/v1/products-pg?page=1&limit=10
New GET to: /api/v1/products-pg?page=1&limit=10
New GET to: /api/v1/products-pg?page=1&limit=10
New GET to: /api/v1/products-pg?page=1&limit=10
New GET to: /api/v1/products-pg?page=1&limit=10
New GET to: /api/v1/products-pg?page=1&limit=10
New GET to: /api/v1/products-pg?page=1&limit=10
New GET to: /api/v1/products-pg?page=1&limit=10
New GET to: /api/v1/products-pg?page=1&limit=10
New GET to: /api/v1/products-pg?page=1&limit=10
New GET to: /api/v1/products-pg?page=1&limit=10
New GET to: /api/v1/products-pg?page=1&limit=10
New GET to: /api/v1/products-pg?page=1&limit=10
New GET to: /api/v1/products-pg?page=1&limit=10
New GET to: /api/v1/products-pg?page=1&limit=10
New GET to: /api/v1/products-pg?page=1&limit=10
New GET to: /api/v1/products-pg?page=1&limit=10
New GET to: /api/v1/products-pg?page=1&limit=10
New GET to: /api/v1/products-pg?page=1&limit=10
New GET to: /api/v1/products-pg?page=1&limit=10
New GET to: /api/v1/products-pg?page=1&limit=10
New GET to: /api/v1/products-pg?page=1&limit=10
New GET to: /api/v1/products-pg?page=1&limit=10
New GET to: /api/v1/products-pg?page=1&limit=10
New GET to: /api/v1/products-pg?page=1&limit=10
New GET to: /api/v1/products-pg?page=1&limit=10
New GET to: /api/v1/products-pg?page=1&limit=10
New GET to: /api/v1/products-pg?page=1&limit=10
New GET to: /api/v1/products-pg?page=1&limit=10
New GET to: /api/v1/products-pg?page=1&limit=10
New GET to: /api/v1/products-pg?page=1&limit=10
New GET to: /api/v1/products-pg?page=1&limit=10
New GET to: /api/v1/products-pg?page=1&limit=10
New GET to: /api/v1/products-pg?page=1&limit=10
New GET to: /api/v1/products-pg?page=1&limit=10
New GET to: /api/v1/products-pg?page=1&limit=10
New GET to: /api/v1/products-pg?page=1&limit=10
New GET to: /api/v1/products-pg?page=1&limit=10
New GET to: /api/v1/products-pg?page=1&limit=10
New GET to: /api/v1/products-pg?page=1&limit=10
New GET to: /api/v1/products-pg?page=1&limit=10
New GET to: /api/v1/products-pg?page=1&limit=10
New GET to: /api/v1/products-pg?page=1&limit=10
New GET to: /api/v1/products-pg?page=1&limit=10
New GET to: /api/v1/products-pg?page=1&limit=10
New GET to: /api/v1/products-pg?page=1&limit=10
New GET to: /api/v1/products-pg?page=1&limit=10
New GET to: /api/v1/products-pg?page=1&limit=10
New GET to: /api/v1/products-pg?page=1&limit=10
New GET to: /api/v1/products-pg?page=1&limit=10
New GET to: /api/v1/products-pg?page=1&limit=10
New GET to: /api/v1/products-pg?page=1&limit=10
New GET to: /api/v1/products-pg?page=1&limit=10
New GET to: /api/v1/products-pg?page=1&limit=10
New GET to: /api/v1/products-pg?page=1&limit=10
New GET to: /api/v1/products-pg?page=1&limit=10
New GET to: /api/v1/products-pg?page=1&limit=10
New GET to: /api/v1/products-pg?page=1&limit=10
New GET to: /api/v1/products-pg?page=1&limit=10
New GET to: /api/v1/products-pg?page=1&limit=10
New GET to: /api/v1/products-pg?page=1&limit=10
New GET to: /api/v1/products-pg?page=1&limit=10
New GET to: /api/v1/products-pg?page=1&limit=10
New GET to: /api/v1/products-pg?page=1&limit=10
New GET to: /api/v1/products-pg?page=1&limit=10
New GET to: /api/v1/products-pg?page=1&limit=10
New GET to: /api/v1/products-pg?page=1&limit=10
New GET to: /api/v1/products-pg?page=1&limit=10
New GET to: /api/v1/products-pg?page=1&limit=10
New GET to: /api/v1/products-pg?page=1&limit=10
New GET to: /api/v1/products-pg?page=1&limit=10
New GET to: /api/v1/products-pg?page=1&limit=10
New GET to: /api/v1/products-pg?page=1&limit=10
New GET to: /api/v1/products-pg?page=1&limit=10
New GET to: /api/v1/products-pg?page=1&limit=10
New GET to: /api/v1/products-pg?page=1&limit=10
New GET to: /api/v1/products-pg?page=1&limit=10
New GET to: /api/v1/products-pg?page=1&limit=10
New GET to: /api/v1/products-pg?page=1&limit=10
New GET to: /api/v1/products-pg?page=1&limit=10
New GET to: /api/v1/products-pg?page=1&limit=10
New GET to: /api/v1/products-pg?page=1&limit=10
New GET to: /api/v1/products-pg?page=1&limit=10
New GET to: /api/v1/products-pg?page=1&limit=10
New GET to: /api/v1/products-pg?page=1&limit=10
New GET to: /api/v1/products-pg?page=1&limit=10
New GET to: /api/v1/products-pg?page=1&limit=10
New GET to: /api/v1/products-pg?page=1&limit=10
New GET to: /api/v1/products-pg?page=1&limit=10
New GET to: /api/v1/products-pg?page=1&limit=10
New GET to: /api/v1/products-pg?page=1&limit=10
New GET to: /api/v1/products-pg?page=1&limit=10
New GET to: /api/v1/products-pg?page=0&limit=10
New GET to: /api/v1/products-pg?page=1&limit=10
New GET to: /api/v1/products-pg?page=1&limit=10
New GET to: /api/v1/products-pg?page=1&limit=10
New GET to: /api/v1/products-pg?page=1&limit=10
New GET to: /api/v1/products-pg?page=0&limit=10
New GET to: /api/v1/products-pg?page=1&limit=10
New GET to: /api/v1/products-pg?page=0&limit=10
New GET to: /api/v1/products-pg?page=1&limit=10
New GET to: /api/v1/products-pg?page=1&limit=10
New GET to: /api/v1/products-pg?page=1&limit=10
New GET to: /api/v1/products-pg?page=1&limit=10
New GET to: /api/v1/products-pg?page=1&limit=10
New GET to: /api/v1/products-pg?page=1&limit=10
New GET to: /api/v1/products-pg?page=0&limit=10
New GET to: /api/v1/products-pg?page=1&limit=10
New GET to: /api/v1/products-pg?page=0&limit=10
New GET to: /api/v1/products-pg?page=1&limit=10
New GET to: /api/v1/products-pg?page=1&limit=10
New GET to: /api/v1/products-pg?page=1&limit=10
New GET to: /api/v1/products-pg?page=1&limit=10
New GET to: /api/v1/products-pg?page=1&limit=10
New GET to: /api/v1/products-pg?page=1&limit=10
New GET to: /api/v1/products-pg?page=1&limit=10
New GET to: /api/v1/products-pg?page=1&limit=10
New GET to: /api/v1/products-pg?page=1&limit=10
New GET to: /api/v1/products-pg?page=1&limit=10
New GET to: /api/v1/products-pg?page=1&limit=10
New GET to: /api/v1/products-pg?page=1&limit=10
New GET to: /api/v1/products-pg?page=1&limit=10
New GET to: /api/v1/products-pg?page=1&limit=10
New GET to: /api/v1/products-pg?page=1&limit=10
New GET to: /api/v1/products-pg?page=1&limit=10
New GET to: /api/v1/products-pg?page=1&limit=10
New GET to: /api/v1/products-pg?page=1&limit=10
New GET to: /api/v1/products-pg?page=1&limit=10
New GET to: /api/v1/products-pg?page=1&limit=10
New GET to: /api/v1/products-pg?page=1&limit=10
New GET to: /api/v1/products-pg?page=0&limit=10
New GET to: /api/v1/products-pg?page=0&limit=10
New GET to: /api/v1/products-pg?page=0&limit=10
New GET to: /api/v1/products-pg?page=0&limit=10
New GET to: /api/v1/products-pg?page=0&limit=10
New GET to: /api/v1/products-pg?page=1&limit=10
New GET to: /api/v1/products-pg?page=0&limit=10
New GET to: /api/v1/products-pg?page=1&limit=10
New GET to: /api/v1/products-pg?page=2&limit=10
New GET to: /api/v1/products-pg?page=0&limit=10
New GET to: /api/v1/products-pg?page=2&limit=10
New GET to: /api/v1/products-pg?page=3&limit=10
New GET to: /api/v1/products-pg?page=6&limit=10
New GET to: /api/v1/products-pg?page=7&limit=10
New GET to: /api/v1/products-pg?page=1&limit=10
New GET to: /api/v1/products-pg?page=0&limit=10
New GET to: /api/v1/products-pg?page=1&limit=10
New GET to: /api/v1/products-pg?page=0&limit=10
New GET to: /api/v1/products-pg?page=2&limit=10
New GET to: /api/v1/products-pg?page=3&limit=10
New GET to: /api/v1/products-pg?page=2&limit=10
New GET to: /api/v1/products-pg?page=3&limit=10
New GET to: /api/v1/products-pg?page=7&limit=10
New GET to: /api/v1/products-pg?page=7&limit=10
New GET to: /api/v1/products-pg?page=8&limit=10
New GET to: /api/v1/products-pg?page=1&limit=10
New GET to: /api/v1/products-pg?page=0&limit=10
New GET to: /api/v1/products-pg?page=1&limit=10
New GET to: /api/v1/products-pg?page=2&limit=10
New GET to: /api/v1/products-pg?page=0&limit=10
New GET to: /api/v1/products-pg?page=3&limit=10
New GET to: /api/v1/products-pg?page=3&limit=10
New GET to: /api/v1/products-pg?page=4&limit=10
New GET to: /api/v1/products-pg?page=7&limit=10
New GET to: /api/v1/products-pg?page=1&limit=10
New GET to: /api/v1/products-pg?page=0&limit=10
New GET to: /api/v1/products-pg?page=1&limit=10
New GET to: /api/v1/products-pg?page=0&limit=10
New GET to: /api/v1/products-pg?page=2&limit=10
New GET to: /api/v1/products-pg?page=2&limit=10
New GET to: /api/v1/products-pg?page=4&limit=10
New GET to: /api/v1/products-pg?page=4&limit=10
New GET to: /api/v1/products-pg?page=7&limit=10
New GET to: /api/v1/products-pg?page=8&limit=10
New GET to: /api/v1/products-pg?page=9&limit=10
New GET to: /api/v1/products-pg?page=10&limit=10
New GET to: /api/v1/products-pg?page=11&limit=10
New GET to: /api/v1/products-pg?page=1&limit=10
New GET to: /api/v1/products-pg?page=0&limit=10
New GET to: /api/v1/products-pg?page=1&limit=10
New GET to: /api/v1/products-pg?page=0&limit=10
New GET to: /api/v1/products-pg?page=2&limit=10
New GET to: /api/v1/products-pg?page=3&limit=10
New GET to: /api/v1/products-pg?page=2&limit=10
New GET to: /api/v1/products-pg?page=3&limit=10
New GET to: /api/v1/products-pg?page=1&limit=10
New GET to: /api/v1/products-pg?page=0&limit=10
New GET to: /api/v1/products-pg?page=1&limit=10
New GET to: /api/v1/products-pg?page=0&limit=10
New GET to: /api/v1/products-pg?page=2&limit=10
New GET to: /api/v1/products-pg?page=3&limit=10
New GET to: /api/v1/products-pg?page=2&limit=10
New GET to: /api/v1/products-pg?page=3&limit=10
New GET to: /api/v1/products-pg?page=7&limit=10
New GET to: /api/v1/products-pg?page=8&limit=10
New GET to: /api/v1/products-pg?page=9&limit=10
New GET to: /api/v1/products-pg?page=10&limit=10
New GET to: /api/v1/products-pg?page=11&limit=10
New GET to: /api/v1/products-pg?page=10&limit=10
New GET to: /api/v1/products-pg?page=1&limit=10
New GET to: /api/v1/products-pg?page=0&limit=10
New GET to: /api/v1/products-pg?page=1&limit=10
New GET to: /api/v1/products-pg?page=0&limit=10
New GET to: /api/v1/products-pg?page=2&limit=10
New GET to: /api/v1/products-pg?page=3&limit=10
New GET to: /api/v1/products-pg?page=3&limit=10
New GET to: /api/v1/products-pg?page=5&limit=10
New GET to: /api/v1/products-pg?page=6&limit=10
New GET to: /api/v1/products-pg?page=6&limit=10
New GET to: /api/v1/products-pg?page=7&limit=10
New GET to: /api/v1/products-pg?page=8&limit=10
New GET to: /api/v1/products-pg?page=7&limit=10
New GET to: /api/v1/products-pg?page=9&limit=10
New GET to: /api/v1/products-pg?page=9&limit=10
New GET to: /api/v1/products-pg?page=10&limit=10
New GET to: /api/v1/products-pg?page=11&limit=10
New GET to: /api/v1/products-pg?page=12&limit=10
New GET to: /api/v1/products-pg?page=1&limit=10
New GET to: /api/v1/products-pg?page=0&limit=10
New GET to: /api/v1/products-pg?page=1&limit=10
New GET to: /api/v1/products-pg?page=0&limit=10
New GET to: /api/v1/products-pg?page=2&limit=10
New GET to: /api/v1/products-pg?page=3&limit=10
New GET to: /api/v1/products-pg?page=2&limit=10
New GET to: /api/v1/products-pg?page=4&limit=10
New GET to: /api/v1/products-pg?page=3&limit=10
New GET to: /api/v1/products-pg?page=5&limit=10
New GET to: /api/v1/products-pg?page=6&limit=10
New GET to: /api/v1/products-pg?page=7&limit=10
New GET to: /api/v1/products-pg?page=8&limit=10
New GET to: /api/v1/products-pg?page=9&limit=10
New GET to: /api/v1/products-pg?page=10&limit=10
New GET to: /api/v1/products-pg?page=11&limit=10
New GET to: /api/v1/products-pg?page=12&limit=10
New GET to: /api/v1/products-pg?page=13&limit=10
New GET to: /api/v1/products-pg?page=14&limit=10
New GET to: /api/v1/products-pg?page=1&limit=10
New GET to: /api/v1/products-pg?page=0&limit=10
New GET to: /api/v1/products-pg?page=1&limit=10
New GET to: /api/v1/products-pg?page=2&limit=10
New GET to: /api/v1/products-pg?page=0&limit=10
New GET to: /api/v1/products-pg?page=2&limit=10
New GET to: /api/v1/products-pg?page=4&limit=10
New GET to: /api/v1/products-pg?page=2&limit=10
New GET to: /api/v1/products-pg?page=5&limit=10
New GET to: /api/v1/products-pg?page=6&limit=10
New GET to: /api/v1/products-pg?page=7&limit=10
New GET to: /api/v1/products-pg?page=8&limit=10
New GET to: /api/v1/products-pg?page=9&limit=10
New GET to: /api/v1/products-pg?page=10&limit=10
New GET to: /api/v1/products-pg?page=11&limit=10
New GET to: /api/v1/products-pg?page=12&limit=10
New GET to: /api/v1/products-pg?page=13&limit=10
New GET to: /api/v1/products-pg?page=2&limit=10
New GET to: /api/v1/products-pg?page=1&limit=10
New GET to: /api/v1/products-pg?page=2&limit=10
New GET to: /api/v1/products-pg?page=1&limit=10
New GET to: /api/v1/products-pg?page=3&limit=10
New GET to: /api/v1/products-pg?page=3&limit=10
New GET to: /api/v1/products-pg?page=4&limit=10
New GET to: /api/v1/products-pg?page=5&limit=10
New GET to: /api/v1/products-pg?page=4&limit=10
New GET to: /api/v1/products-pg?page=6&limit=10
New GET to: /api/v1/products-pg?page=7&limit=10
New GET to: /api/v1/products-pg?page=8&limit=10
New GET to: /api/v1/products-pg?page=9&limit=10
New GET to: /api/v1/products-pg?page=10&limit=10
New GET to: /api/v1/products-pg?page=12&limit=10
New GET to: /api/v1/products-pg?page=13&limit=10
New GET to: /api/v1/products-pg?page=2&limit=10
New GET to: /api/v1/products-pg?page=1&limit=10
New GET to: /api/v1/products-pg?page=2&limit=10
New GET to: /api/v1/products-pg?page=1&limit=10
New GET to: /api/v1/products-pg?page=3&limit=10
New GET to: /api/v1/products-pg?page=4&limit=10
New GET to: /api/v1/products-pg?page=3&limit=10
New GET to: /api/v1/products-pg?page=5&limit=10
New GET to: /api/v1/products-pg?page=4&limit=10
New GET to: /api/v1/products-pg?page=6&limit=10
New GET to: /api/v1/products-pg?page=7&limit=10
New GET to: /api/v1/products-pg?page=8&limit=10
New GET to: /api/v1/products-pg?page=9&limit=10
New GET to: /api/v1/products-pg?page=10&limit=10
New GET to: /api/v1/products-pg?page=11&limit=10
New GET to: /api/v1/products-pg?page=13&limit=10
New GET to: /api/v1/products-pg?page=13&limit=10
New GET to: /api/v1/products-pg?page=2&limit=10
New GET to: /api/v1/products-pg?page=1&limit=10
New GET to: /api/v1/products-pg?page=2&limit=10
New GET to: /api/v1/products-pg?page=3&limit=10
New GET to: /api/v1/products-pg?page=1&limit=10
New GET to: /api/v1/products-pg?page=3&limit=10
New GET to: /api/v1/products-pg?page=4&limit=10
New GET to: /api/v1/products-pg?page=5&limit=10
New GET to: /api/v1/products-pg?page=5&limit=10
New GET to: /api/v1/products-pg?page=8&limit=10
New GET to: /api/v1/products-pg?page=7&limit=10
New GET to: /api/v1/products-pg?page=9&limit=10
New GET to: /api/v1/products-pg?page=10&limit=10
New GET to: /api/v1/products-pg?page=11&limit=10
New GET to: /api/v1/products-pg?page=1&limit=10
New GET to: /api/v1/products-pg?page=0&limit=10
New GET to: /api/v1/products-pg?page=1&limit=10
New GET to: /api/v1/products-pg?page=0&limit=10
New GET to: /api/v1/products-pg?page=3&limit=10
New GET to: /api/v1/products-pg?page=4&limit=10
New GET to: /api/v1/products-pg?page=5&limit=10
New GET to: /api/v1/products-pg?page=6&limit=10
New GET to: /api/v1/products-pg?page=7&limit=10
New GET to: /api/v1/products-pg?page=8&limit=10
New GET to: /api/v1/products-pg?page=9&limit=10
New GET to: /api/v1/products-pg?page=10&limit=10
New GET to: /api/v1/products-pg?page=11&limit=10
New GET to: /api/v1/products-pg?page=1&limit=10
New GET to: /api/v1/products-pg?page=0&limit=10
New GET to: /api/v1/products-pg?page=1&limit=10
New GET to: /api/v1/products-pg?page=0&limit=10
New GET to: /api/v1/products-pg?page=2&limit=10
New GET to: /api/v1/products-pg?page=3&limit=10
New GET to: /api/v1/products-pg?page=2&limit=10
New GET to: /api/v1/products-pg?page=4&limit=10
New GET to: /api/v1/products-pg?page=3&limit=10
New GET to: /api/v1/products-pg?page=5&limit=10
New GET to: /api/v1/products-pg?page=6&limit=10
New GET to: /api/v1/products-pg?page=7&limit=10
New GET to: /api/v1/products-pg?page=8&limit=10
New GET to: /api/v1/products-pg?page=9&limit=10
New GET to: /api/v1/products-pg?page=10&limit=10
New GET to: /api/v1/products-pg?page=11&limit=10
New GET to: /api/v1/products-pg?page=12&limit=10
New GET to: /api/v1/products-pg?page=13&limit=10
New GET to: /api/v1/products-pg?page=14&limit=10
New GET to: /api/v1/products-pg?page=1&limit=10
New GET to: /api/v1/products-pg?page=0&limit=10
New GET to: /api/v1/products-pg?page=1&limit=10
New GET to: /api/v1/products-pg?page=2&limit=10
New GET to: /api/v1/products-pg?page=0&limit=10
New GET to: /api/v1/products-pg?page=3&limit=10
New GET to: /api/v1/products-pg?page=2&limit=10
New GET to: /api/v1/products-pg?page=4&limit=10
New GET to: /api/v1/products-pg?page=5&limit=10
New GET to: /api/v1/products-pg?page=6&limit=10
New GET to: /api/v1/products-pg?page=4&limit=10
New GET to: /api/v1/products-pg?page=7&limit=10
New GET to: /api/v1/products-pg?page=8&limit=10
New GET to: /api/v1/products-pg?page=9&limit=10
New GET to: /api/v1/products-pg?page=10&limit=10
New GET to: /api/v1/products-pg?page=11&limit=10
New GET to: /api/v1/products-pg?page=12&limit=10
New GET to: /api/v1/products-pg?page=13&limit=10
New GET to: /api/v1/products-pg?page=14&limit=10
New GET to: /api/v1/products-pg?page=1&limit=10
New GET to: /api/v1/products-pg?page=0&limit=10
New GET to: /api/v1/products-pg?page=2&limit=10
New GET to: /api/v1/products-pg?page=2&limit=10
New GET to: /api/v1/products-pg?page=3&limit=10
New GET to: /api/v1/products-pg?page=4&limit=10
New GET to: /api/v1/products-pg?page=5&limit=10
New GET to: /api/v1/products-pg?page=6&limit=10
New GET to: /api/v1/products-pg?page=7&limit=10
New GET to: /api/v1/products-pg?page=8&limit=10
New GET to: /api/v1/products-pg?page=9&limit=10
New GET to: /api/v1/products-pg?page=10&limit=10
New GET to: /api/v1/products-pg?page=11&limit=10
New GET to: /api/v1/products-pg?page=12&limit=10
New GET to: /api/v1/products-pg?page=1&limit=10
New GET to: /api/v1/products-pg?page=2&limit=10
New GET to: /api/v1/products-pg?page=3&limit=10
New GET to: /api/v1/products-pg?page=0&limit=10
New GET to: /api/v1/products-pg?page=1&limit=10
New GET to: /api/v1/products-pg?page=2&limit=10
New GET to: /api/v1/products-pg?page=3&limit=10
New GET to: /api/v1/products-pg?page=4&limit=10
New GET to: /api/v1/products-pg?page=5&limit=10
New GET to: /api/v1/products-pg?page=6&limit=10
New GET to: /api/v1/products-pg?page=7&limit=10
New GET to: /api/v1/products-pg?page=8&limit=10
New GET to: /api/v1/products-pg?page=9&limit=10
New GET to: /api/v1/products-pg?page=10&limit=10
New GET to: /api/v1/products-pg?page=11&limit=10
New GET to: /api/v1/products-pg?page=0&limit=10
New GET to: /api/v1/products-pg?page=1&limit=10
New GET to: /api/v1/products-pg?page=2&limit=10
New GET to: /api/v1/products-pg?page=3&limit=10
New GET to: /api/v1/products-pg?page=4&limit=10
New GET to: /api/v1/products-pg?page=5&limit=10
New GET to: /api/v1/products-pg?page=6&limit=10
New GET to: /api/v1/products-pg?page=0&limit=10
New GET to: /api/v1/products-pg?page=1&limit=10
New GET to: /api/v1/products-pg?page=0&limit=10
New GET to: /api/v1/products-pg?page=1&limit=10
New GET to: /api/v1/products-pg?page=0&limit=10
New GET to: /api/v1/products-pg?page=1&limit=10
New GET to: /api/v1/products-pg?page=0&limit=10
New GET to: /api/v1/products-pg?page=0&limit=10
New GET to: /api/v1/products-pg?page=0&limit=10
New GET to: /api/v1/products-pg?page=1&limit=10
New GET to: /api/v1/products-pg?page=2&limit=10
New POST to: /api/v1/image/18
New GET to: /api/v1/products-pg?page=0&limit=10
New POST to: /api/v1/image/5
New POST to: /api/v1/image/5
New POST to: /api/v1/image/1
New POST to: /api/v1/image/1
New POST to: /api/v1/image/1
New POST to: /api/v1/image/1
New POST to: /api/v1/image/1
New GET to: /api/v1/products-pg?page=1&limit=10
New POST to: /api/v1/image/5
New GET to: /api/v1/image/2619e9e6ab46.jpg
New GET to: /api/v1/image/a9338fed-0540-45fc-99c8-2619e9e6ab46.jpg
New GET to: /favicon.ico
New GET to: /api/v1/images/5
New POST to: /api/v1/image/5
New GET to: /api/v1/images/5
New GET to: /api/v1/products-pg?page=0&limit=10
New GET to: /api/v1/images/undefined
New GET to: /api/v1/products-pg?page=0&limit=10
New GET to: /api/v1/images/1
New GET to: /api/v1/images/3
New GET to: /api/v1/images/2
New GET to: /api/v1/images/5
New GET to: /api/v1/images/6
New GET to: /api/v1/images/4
New GET to: /api/v1/images/7
New GET to: /api/v1/images/8
New GET to: /api/v1/images/9
New GET to: /api/v1/images/10
New GET to: /api/v1/image/4a65544c-83ff-4b0d-bc92-c0db6f884f16.jpg
New GET to: /api/v1/image/a9338fed-0540-45fc-99c8-2619e9e6ab46.jpg
New GET to: /api/v1/image/a9338fed-0540-45fc-99c8-2619e9e6ab46.jpg
New GET to: /api/v1/products-pg?page=1&limit=10
New GET to: /api/v1/images/11
New GET to: /api/v1/images/12
New GET to: /api/v1/images/13
New GET to: /api/v1/images/14
New GET to: /api/v1/images/15
New GET to: /api/v1/images/16
New GET to: /api/v1/images/17
New GET to: /api/v1/images/18
New GET to: /api/v1/images/19
New GET to: /api/v1/images/20
New GET to: /api/v1/products-pg?page=0&limit=10
New GET to: /api/v1/images/1
New GET to: /api/v1/images/2
New GET to: /api/v1/images/3
New GET to: /api/v1/images/4
New GET to: /api/v1/images/5
New GET to: /api/v1/images/6
New GET to: /api/v1/images/7
New GET to: /api/v1/images/8
New GET to: /api/v1/images/9
New GET to: /api/v1/images/10
New GET to: /api/v1/images/1
New GET to: /api/v1/images/2
New GET to: /api/v1/images/3
New GET to: /api/v1/images/4
New GET to: /api/v1/images/5
New GET to: /api/v1/images/6
New GET to: /api/v1/images/7
New GET to: /api/v1/images/8
New GET to: /api/v1/images/9
New GET to: /api/v1/images/10
New POST to: /api/v1/image/1
New GET to: /api/v1/products-pg?page=0&limit=10
New GET to: /api/v1/images/1
New GET to: /api/v1/images/2
New GET to: /api/v1/images/3
New GET to: /api/v1/images/4
New GET to: /api/v1/images/5
New GET to: /api/v1/images/6
New GET to: /api/v1/images/7
New GET to: /api/v1/images/8
New GET to: /api/v1/images/9
New GET to: /api/v1/images/10
New GET to: /api/v1/image/9e7c8a26-aa5e-4952-91fd-e9627cea0e5f.png
New GET to: /api/v1/image/a9338fed-0540-45fc-99c8-2619e9e6ab46.jpg
New GET to: /api/v1/image/4a65544c-83ff-4b0d-bc92-c0db6f884f16.jpg
New GET to: /api/v1/products-pg?page=1&limit=10
New GET to: /api/v1/images/11
New GET to: /api/v1/images/12
New GET to: /api/v1/images/13
New GET to: /api/v1/images/14
New GET to: /api/v1/images/15
New GET to: /api/v1/images/16
New GET to: /api/v1/images/17
New GET to: /api/v1/images/18
New GET to: /api/v1/images/19
New GET to: /api/v1/images/20
