Price must be positive number"price" must be a positive number
"name" length must be at least 2 characters long
 [object Object]
"name" length must be at least 2 characters long
 "name" length must be at least 2 characters long
 "name" length must be at least 2 characters long
DBG: Doorman
"price" must be a positive number
wrong credentials
wrong credentials
wrong credentials
Missing Credentials!
Missing Credentials!
Wrong Credentials!
Wrong Credentials!
Wrong Credentials!
Wrong Credentials!
ERROR: Wrong Credentials!
ERROR: Wrong Credentials!
Only admin user has access!
Only admin user has access!
Only admin user has access!
"price" must be a positive number
Undeclared variable: undefined
Undeclared variable: undefined
Undeclared variable: undefined
Undeclared variable: undefined
Undeclared variable: undefined
Undeclared variable: undefined
Undeclared variable: NaN
Undeclared variable: NaN
Unknown column 'b990275a' in 'field list'
ENOENT: no such file or directory, open 'C:\Users\jbt\Desktop\Ori\nodejs_template\src\assets\images\dabecd47-889d-4910-aad6-5ee0eeeac30f.png'
ENOENT: no such file or directory, stat 'C:\Users\jbt\Desktop\Ori\nodejs_template\src\assets\images\f192e512-aa22-4b44-9ca5-77540b0e5ddb.JPEG'
ENOENT: no such file or directory, stat 'C:\Users\jbt\Desktop\Ori\nodejs_template\src\assets\images\f192e512-aa22-4b44-9ca5-77540b0e5ddb.JPEG'
